## Footprint report - date 08/17/18 20:41:07
## Created by Pcbnew version kicad (5.0.0-rc3)
## Unit = mm, Angle = deg.

$BeginDESCRIPTION

$BOARD
upper_left_corner 84.924999 49.924999
lower_right_corner 255.075001 145.075001
$EndBOARD

$MODULE "U5"
reference "U5"
value "LM1117-3.3"
footprint "Package_TO_SOT_SMD:SOT-223-3_TabPin2"
attribut smd
position 134.250000 129.000000  orientation 270.00
layer front
$PAD "2"
Shape Rect Layer front
position  3.150000  0.000000  size  2.000000  3.800000  orientation 0.00
drill  0.000000
shape_offset  0.000000  0.000000
$EndPAD
$PAD "2"
Shape Rect Layer front
position -3.150000  0.000000  size  2.000000  1.500000  orientation 0.00
drill  0.000000
shape_offset  0.000000  0.000000
$EndPAD
$PAD "3"
Shape Rect Layer front
position -3.150000  2.300000  size  2.000000  1.500000  orientation 0.00
drill  0.000000
shape_offset  0.000000  0.000000
$EndPAD
$PAD "1"
Shape Rect Layer front
position -3.150000 -2.300000  size  2.000000  1.500000  orientation 0.00
drill  0.000000
shape_offset  0.000000  0.000000
$EndPAD
$EndMODULE  U5

$MODULE "C28"
reference "C28"
value "100u"
footprint "Capacitor_SMD:CP_Elec_8x6.5"
attribut smd
position 123.250000 129.750000  orientation 270.00
layer front
$PAD "1"
Shape Rect Layer front
position -3.050000  0.000000  size  4.000000  2.500000  orientation 0.00
drill  0.000000
shape_offset  0.000000  0.000000
$EndPAD
$PAD "2"
Shape Rect Layer front
position  3.050000  0.000000  size  4.000000  2.500000  orientation 0.00
drill  0.000000
shape_offset  0.000000  0.000000
$EndPAD
$EndMODULE  C28

$MODULE "C25"
reference "C25"
value "10u"
footprint "Capacitor_SMD:C_0805_2012Metric_Pad1.15x1.40mm_HandSolder"
attribut smd
position 129.000000 126.500000  orientation 270.00
layer front
$PAD "2"
Shape Roundrect Layer front
position  1.025000  0.000000  size  1.150000  1.400000  orientation 0.00
drill  0.000000
shape_offset  0.000000  0.000000
$EndPAD
$PAD "1"
Shape Roundrect Layer front
position -1.025000  0.000000  size  1.150000  1.400000  orientation 0.00
drill  0.000000
shape_offset  0.000000  0.000000
$EndPAD
$EndMODULE  C25

$MODULE "P4"
reference "P4"
value "Digital"
footprint "Socket_Arduino_Mega:Socket_Strip_Arduino_2x18"
attribut none
position 197.349516 76.012509  orientation 270.00
layer back
$PAD "1"
Shape Circle Layer both
position  0.000000  0.000000  size  1.727200  1.727200  orientation 0.00
drill  1.016000
shape_offset  0.000000  0.000000
$EndPAD
$PAD "2"
Shape Oval Layer both
position  0.000000 -2.540000  size  1.727200  1.727200  orientation 0.00
drill  1.016000
shape_offset  0.000000  0.000000
$EndPAD
$PAD "3"
Shape Oval Layer both
position  2.540000  0.000000  size  1.727200  1.727200  orientation 0.00
drill  1.016000
shape_offset  0.000000  0.000000
$EndPAD
$PAD "4"
Shape Oval Layer both
position  2.540000 -2.540000  size  1.727200  1.727200  orientation 0.00
drill  1.016000
shape_offset  0.000000  0.000000
$EndPAD
$PAD "5"
Shape Oval Layer both
position  5.080000  0.000000  size  1.727200  1.727200  orientation 0.00
drill  1.016000
shape_offset  0.000000  0.000000
$EndPAD
$PAD "6"
Shape Oval Layer both
position  5.080000 -2.540000  size  1.727200  1.727200  orientation 0.00
drill  1.016000
shape_offset  0.000000  0.000000
$EndPAD
$PAD "7"
Shape Oval Layer both
position  7.620000  0.000000  size  1.727200  1.727200  orientation 0.00
drill  1.016000
shape_offset  0.000000  0.000000
$EndPAD
$PAD "8"
Shape Oval Layer both
position  7.620000 -2.540000  size  1.727200  1.727200  orientation 0.00
drill  1.016000
shape_offset  0.000000  0.000000
$EndPAD
$PAD "9"
Shape Oval Layer both
position 10.160000  0.000000  size  1.727200  1.727200  orientation 0.00
drill  1.016000
shape_offset  0.000000  0.000000
$EndPAD
$PAD "10"
Shape Oval Layer both
position 10.160000 -2.540000  size  1.727200  1.727200  orientation 0.00
drill  1.016000
shape_offset  0.000000  0.000000
$EndPAD
$PAD "11"
Shape Oval Layer both
position 12.700000  0.000000  size  1.727200  1.727200  orientation 0.00
drill  1.016000
shape_offset  0.000000  0.000000
$EndPAD
$PAD "12"
Shape Oval Layer both
position 12.700000 -2.540000  size  1.727200  1.727200  orientation 0.00
drill  1.016000
shape_offset  0.000000  0.000000
$EndPAD
$PAD "13"
Shape Oval Layer both
position 15.240000  0.000000  size  1.727200  1.727200  orientation 0.00
drill  1.016000
shape_offset  0.000000  0.000000
$EndPAD
$PAD "14"
Shape Oval Layer both
position 15.240000 -2.540000  size  1.727200  1.727200  orientation 0.00
drill  1.016000
shape_offset  0.000000  0.000000
$EndPAD
$PAD "15"
Shape Oval Layer both
position 17.780000  0.000000  size  1.727200  1.727200  orientation 0.00
drill  1.016000
shape_offset  0.000000  0.000000
$EndPAD
$PAD "16"
Shape Oval Layer both
position 17.780000 -2.540000  size  1.727200  1.727200  orientation 0.00
drill  1.016000
shape_offset  0.000000  0.000000
$EndPAD
$PAD "17"
Shape Oval Layer both
position 20.320000  0.000000  size  1.727200  1.727200  orientation 0.00
drill  1.016000
shape_offset  0.000000  0.000000
$EndPAD
$PAD "18"
Shape Oval Layer both
position 20.320000 -2.540000  size  1.727200  1.727200  orientation 0.00
drill  1.016000
shape_offset  0.000000  0.000000
$EndPAD
$PAD "19"
Shape Oval Layer both
position 22.860000  0.000000  size  1.727200  1.727200  orientation 0.00
drill  1.016000
shape_offset  0.000000  0.000000
$EndPAD
$PAD "20"
Shape Oval Layer both
position 22.860000 -2.540000  size  1.727200  1.727200  orientation 0.00
drill  1.016000
shape_offset  0.000000  0.000000
$EndPAD
$PAD "21"
Shape Oval Layer both
position 25.400000  0.000000  size  1.727200  1.727200  orientation 0.00
drill  1.016000
shape_offset  0.000000  0.000000
$EndPAD
$PAD "22"
Shape Oval Layer both
position 25.400000 -2.540000  size  1.727200  1.727200  orientation 0.00
drill  1.016000
shape_offset  0.000000  0.000000
$EndPAD
$PAD "23"
Shape Oval Layer both
position 27.940000  0.000000  size  1.727200  1.727200  orientation 0.00
drill  1.016000
shape_offset  0.000000  0.000000
$EndPAD
$PAD "24"
Shape Oval Layer both
position 27.940000 -2.540000  size  1.727200  1.727200  orientation 0.00
drill  1.016000
shape_offset  0.000000  0.000000
$EndPAD
$PAD "25"
Shape Oval Layer both
position 30.480000  0.000000  size  1.727200  1.727200  orientation 0.00
drill  1.016000
shape_offset  0.000000  0.000000
$EndPAD
$PAD "26"
Shape Oval Layer both
position 30.480000 -2.540000  size  1.727200  1.727200  orientation 0.00
drill  1.016000
shape_offset  0.000000  0.000000
$EndPAD
$PAD "27"
Shape Oval Layer both
position 33.020000  0.000000  size  1.727200  1.727200  orientation 0.00
drill  1.016000
shape_offset  0.000000  0.000000
$EndPAD
$PAD "28"
Shape Oval Layer both
position 33.020000 -2.540000  size  1.727200  1.727200  orientation 0.00
drill  1.016000
shape_offset  0.000000  0.000000
$EndPAD
$PAD "29"
Shape Oval Layer both
position 35.560000  0.000000  size  1.727200  1.727200  orientation 0.00
drill  1.016000
shape_offset  0.000000  0.000000
$EndPAD
$PAD "30"
Shape Oval Layer both
position 35.560000 -2.540000  size  1.727200  1.727200  orientation 0.00
drill  1.016000
shape_offset  0.000000  0.000000
$EndPAD
$PAD "31"
Shape Oval Layer both
position 38.100000  0.000000  size  1.727200  1.727200  orientation 0.00
drill  1.016000
shape_offset  0.000000  0.000000
$EndPAD
$PAD "32"
Shape Oval Layer both
position 38.100000 -2.540000  size  1.727200  1.727200  orientation 0.00
drill  1.016000
shape_offset  0.000000  0.000000
$EndPAD
$PAD "33"
Shape Oval Layer both
position 40.640000  0.000000  size  1.727200  1.727200  orientation 0.00
drill  1.016000
shape_offset  0.000000  0.000000
$EndPAD
$PAD "34"
Shape Oval Layer both
position 40.640000 -2.540000  size  1.727200  1.727200  orientation 0.00
drill  1.016000
shape_offset  0.000000  0.000000
$EndPAD
$PAD "35"
Shape Oval Layer both
position 43.180000  0.000000  size  1.727200  1.727200  orientation 0.00
drill  1.016000
shape_offset  0.000000  0.000000
$EndPAD
$PAD "36"
Shape Oval Layer both
position 43.180000 -2.540000  size  1.727200  1.727200  orientation 0.00
drill  1.016000
shape_offset  0.000000  0.000000
$EndPAD
$EndMODULE  P4

$MODULE "P1"
reference "P1"
value "Power"
footprint "Socket_Arduino_Mega:Socket_Strip_Arduino_1x08"
attribut none
position 131.309516 70.932509  orientation 0.00
layer back
$PAD "1"
Shape Oval Layer both
position  0.000000  0.000000  size  1.727200  2.032000  orientation 0.00
drill  1.016000
shape_offset  0.000000  0.000000
$EndPAD
$PAD "2"
Shape Oval Layer both
position  2.540000  0.000000  size  1.727200  2.032000  orientation 0.00
drill  1.016000
shape_offset  0.000000  0.000000
$EndPAD
$PAD "3"
Shape Oval Layer both
position  5.080000  0.000000  size  1.727200  2.032000  orientation 0.00
drill  1.016000
shape_offset  0.000000  0.000000
$EndPAD
$PAD "4"
Shape Oval Layer both
position  7.620000  0.000000  size  1.727200  2.032000  orientation 0.00
drill  1.016000
shape_offset  0.000000  0.000000
$EndPAD
$PAD "5"
Shape Oval Layer both
position 10.160000  0.000000  size  1.727200  2.032000  orientation 0.00
drill  1.016000
shape_offset  0.000000  0.000000
$EndPAD
$PAD "6"
Shape Oval Layer both
position 12.700000  0.000000  size  1.727200  2.032000  orientation 0.00
drill  1.016000
shape_offset  0.000000  0.000000
$EndPAD
$PAD "7"
Shape Oval Layer both
position 15.240000  0.000000  size  1.727200  2.032000  orientation 0.00
drill  1.016000
shape_offset  0.000000  0.000000
$EndPAD
$PAD "8"
Shape Oval Layer both
position 17.780000  0.000000  size  1.727200  2.032000  orientation 0.00
drill  1.016000
shape_offset  0.000000  0.000000
$EndPAD
$EndMODULE  P1

$MODULE "P2"
reference "P2"
value "Analog"
footprint "Socket_Arduino_Mega:Socket_Strip_Arduino_1x08"
attribut none
position 154.169516 70.932509  orientation 0.00
layer back
$PAD "1"
Shape Oval Layer both
position  0.000000  0.000000  size  1.727200  2.032000  orientation 0.00
drill  1.016000
shape_offset  0.000000  0.000000
$EndPAD
$PAD "2"
Shape Oval Layer both
position  2.540000  0.000000  size  1.727200  2.032000  orientation 0.00
drill  1.016000
shape_offset  0.000000  0.000000
$EndPAD
$PAD "3"
Shape Oval Layer both
position  5.080000  0.000000  size  1.727200  2.032000  orientation 0.00
drill  1.016000
shape_offset  0.000000  0.000000
$EndPAD
$PAD "4"
Shape Oval Layer both
position  7.620000  0.000000  size  1.727200  2.032000  orientation 0.00
drill  1.016000
shape_offset  0.000000  0.000000
$EndPAD
$PAD "5"
Shape Oval Layer both
position 10.160000  0.000000  size  1.727200  2.032000  orientation 0.00
drill  1.016000
shape_offset  0.000000  0.000000
$EndPAD
$PAD "6"
Shape Oval Layer both
position 12.700000  0.000000  size  1.727200  2.032000  orientation 0.00
drill  1.016000
shape_offset  0.000000  0.000000
$EndPAD
$PAD "7"
Shape Oval Layer both
position 15.240000  0.000000  size  1.727200  2.032000  orientation 0.00
drill  1.016000
shape_offset  0.000000  0.000000
$EndPAD
$PAD "8"
Shape Oval Layer both
position 17.780000  0.000000  size  1.727200  2.032000  orientation 0.00
drill  1.016000
shape_offset  0.000000  0.000000
$EndPAD
$EndMODULE  P2

$MODULE "P3"
reference "P3"
value "Analog"
footprint "Socket_Arduino_Mega:Socket_Strip_Arduino_1x08"
attribut none
position 177.029516 70.932509  orientation 0.00
layer back
$PAD "1"
Shape Oval Layer both
position  0.000000  0.000000  size  1.727200  2.032000  orientation 0.00
drill  1.016000
shape_offset  0.000000  0.000000
$EndPAD
$PAD "2"
Shape Oval Layer both
position  2.540000  0.000000  size  1.727200  2.032000  orientation 0.00
drill  1.016000
shape_offset  0.000000  0.000000
$EndPAD
$PAD "3"
Shape Oval Layer both
position  5.080000  0.000000  size  1.727200  2.032000  orientation 0.00
drill  1.016000
shape_offset  0.000000  0.000000
$EndPAD
$PAD "4"
Shape Oval Layer both
position  7.620000  0.000000  size  1.727200  2.032000  orientation 0.00
drill  1.016000
shape_offset  0.000000  0.000000
$EndPAD
$PAD "5"
Shape Oval Layer both
position 10.160000  0.000000  size  1.727200  2.032000  orientation 0.00
drill  1.016000
shape_offset  0.000000  0.000000
$EndPAD
$PAD "6"
Shape Oval Layer both
position 12.700000  0.000000  size  1.727200  2.032000  orientation 0.00
drill  1.016000
shape_offset  0.000000  0.000000
$EndPAD
$PAD "7"
Shape Oval Layer both
position 15.240000  0.000000  size  1.727200  2.032000  orientation 0.00
drill  1.016000
shape_offset  0.000000  0.000000
$EndPAD
$PAD "8"
Shape Oval Layer both
position 17.780000  0.000000  size  1.727200  2.032000  orientation 0.00
drill  1.016000
shape_offset  0.000000  0.000000
$EndPAD
$EndMODULE  P3

$MODULE "P5"
reference "P5"
value "PWM"
footprint "Socket_Arduino_Mega:Socket_Strip_Arduino_1x10"
attribut none
position 122.165516 119.192509  orientation 0.00
layer back
$PAD "1"
Shape Oval Layer both
position  0.000000  0.000000  size  1.727200  2.032000  orientation 0.00
drill  1.016000
shape_offset  0.000000  0.000000
$EndPAD
$PAD "2"
Shape Oval Layer both
position  2.540000  0.000000  size  1.727200  2.032000  orientation 0.00
drill  1.016000
shape_offset  0.000000  0.000000
$EndPAD
$PAD "3"
Shape Oval Layer both
position  5.080000  0.000000  size  1.727200  2.032000  orientation 0.00
drill  1.016000
shape_offset  0.000000  0.000000
$EndPAD
$PAD "4"
Shape Oval Layer both
position  7.620000  0.000000  size  1.727200  2.032000  orientation 0.00
drill  1.016000
shape_offset  0.000000  0.000000
$EndPAD
$PAD "5"
Shape Oval Layer both
position 10.160000  0.000000  size  1.727200  2.032000  orientation 0.00
drill  1.016000
shape_offset  0.000000  0.000000
$EndPAD
$PAD "6"
Shape Oval Layer both
position 12.700000  0.000000  size  1.727200  2.032000  orientation 0.00
drill  1.016000
shape_offset  0.000000  0.000000
$EndPAD
$PAD "7"
Shape Oval Layer both
position 15.240000  0.000000  size  1.727200  2.032000  orientation 0.00
drill  1.016000
shape_offset  0.000000  0.000000
$EndPAD
$PAD "8"
Shape Oval Layer both
position 17.780000  0.000000  size  1.727200  2.032000  orientation 0.00
drill  1.016000
shape_offset  0.000000  0.000000
$EndPAD
$PAD "9"
Shape Oval Layer both
position 20.320000  0.000000  size  1.727200  2.032000  orientation 0.00
drill  1.016000
shape_offset  0.000000  0.000000
$EndPAD
$PAD "10"
Shape Oval Layer both
position 22.860000  0.000000  size  1.727200  2.032000  orientation 0.00
drill  1.016000
shape_offset  0.000000  0.000000
$EndPAD
$EndMODULE  P5

$MODULE "P6"
reference "P6"
value "PWM"
footprint "Socket_Arduino_Mega:Socket_Strip_Arduino_1x08"
attribut none
position 149.089516 119.192509  orientation 0.00
layer back
$PAD "1"
Shape Oval Layer both
position  0.000000  0.000000  size  1.727200  2.032000  orientation 0.00
drill  1.016000
shape_offset  0.000000  0.000000
$EndPAD
$PAD "2"
Shape Oval Layer both
position  2.540000  0.000000  size  1.727200  2.032000  orientation 0.00
drill  1.016000
shape_offset  0.000000  0.000000
$EndPAD
$PAD "3"
Shape Oval Layer both
position  5.080000  0.000000  size  1.727200  2.032000  orientation 0.00
drill  1.016000
shape_offset  0.000000  0.000000
$EndPAD
$PAD "4"
Shape Oval Layer both
position  7.620000  0.000000  size  1.727200  2.032000  orientation 0.00
drill  1.016000
shape_offset  0.000000  0.000000
$EndPAD
$PAD "5"
Shape Oval Layer both
position 10.160000  0.000000  size  1.727200  2.032000  orientation 0.00
drill  1.016000
shape_offset  0.000000  0.000000
$EndPAD
$PAD "6"
Shape Oval Layer both
position 12.700000  0.000000  size  1.727200  2.032000  orientation 0.00
drill  1.016000
shape_offset  0.000000  0.000000
$EndPAD
$PAD "7"
Shape Oval Layer both
position 15.240000  0.000000  size  1.727200  2.032000  orientation 0.00
drill  1.016000
shape_offset  0.000000  0.000000
$EndPAD
$PAD "8"
Shape Oval Layer both
position 17.780000  0.000000  size  1.727200  2.032000  orientation 0.00
drill  1.016000
shape_offset  0.000000  0.000000
$EndPAD
$EndMODULE  P6

$MODULE "P7"
reference "P7"
value "Communication"
footprint "Socket_Arduino_Mega:Socket_Strip_Arduino_1x08"
attribut none
position 171.949516 119.192509  orientation 0.00
layer back
$PAD "1"
Shape Oval Layer both
position  0.000000  0.000000  size  1.727200  2.032000  orientation 0.00
drill  1.016000
shape_offset  0.000000  0.000000
$EndPAD
$PAD "2"
Shape Oval Layer both
position  2.540000  0.000000  size  1.727200  2.032000  orientation 0.00
drill  1.016000
shape_offset  0.000000  0.000000
$EndPAD
$PAD "3"
Shape Oval Layer both
position  5.080000  0.000000  size  1.727200  2.032000  orientation 0.00
drill  1.016000
shape_offset  0.000000  0.000000
$EndPAD
$PAD "4"
Shape Oval Layer both
position  7.620000  0.000000  size  1.727200  2.032000  orientation 0.00
drill  1.016000
shape_offset  0.000000  0.000000
$EndPAD
$PAD "5"
Shape Oval Layer both
position 10.160000  0.000000  size  1.727200  2.032000  orientation 0.00
drill  1.016000
shape_offset  0.000000  0.000000
$EndPAD
$PAD "6"
Shape Oval Layer both
position 12.700000  0.000000  size  1.727200  2.032000  orientation 0.00
drill  1.016000
shape_offset  0.000000  0.000000
$EndPAD
$PAD "7"
Shape Oval Layer both
position 15.240000  0.000000  size  1.727200  2.032000  orientation 0.00
drill  1.016000
shape_offset  0.000000  0.000000
$EndPAD
$PAD "8"
Shape Oval Layer both
position 17.780000  0.000000  size  1.727200  2.032000  orientation 0.00
drill  1.016000
shape_offset  0.000000  0.000000
$EndPAD
$EndMODULE  P7

$MODULE "P8"
reference "P8"
value "CONN_01X01"
footprint "Socket_Arduino_Mega:Arduino_1pin"
attribut none
position 117.339516 70.932509  orientation 0.00
layer back
$PAD "1"
Shape Circle Layer both
position  0.000000  0.000000  size  4.064000  4.064000  orientation 0.00
drill  3.048000
shape_offset  0.000000  0.000000
$EndPAD
$EndMODULE  P8

$MODULE "P9"
reference "P9"
value "CONN_01X01"
footprint "Socket_Arduino_Mega:Arduino_1pin"
attribut none
position 169.409516 76.012509  orientation 0.00
layer back
$PAD "1"
Shape Circle Layer both
position  0.000000  0.000000  size  4.064000  4.064000  orientation 0.00
drill  3.048000
shape_offset  0.000000  0.000000
$EndPAD
$EndMODULE  P9

$MODULE "P10"
reference "P10"
value "CONN_01X01"
footprint "Socket_Arduino_Mega:Arduino_1pin"
attribut none
position 199.889516 70.932509  orientation 0.00
layer back
$PAD "1"
Shape Circle Layer both
position  0.000000  0.000000  size  4.064000  4.064000  orientation 0.00
drill  3.048000
shape_offset  0.000000  0.000000
$EndPAD
$EndMODULE  P10

$MODULE "P11"
reference "P11"
value "CONN_01X01"
footprint "Socket_Arduino_Mega:Arduino_1pin"
attribut none
position 118.609516 119.192509  orientation 0.00
layer back
$PAD "1"
Shape Circle Layer both
position  0.000000  0.000000  size  4.064000  4.064000  orientation 0.00
drill  3.048000
shape_offset  0.000000  0.000000
$EndPAD
$EndMODULE  P11

$MODULE "P12"
reference "P12"
value "CONN_01X01"
footprint "Socket_Arduino_Mega:Arduino_1pin"
attribut none
position 169.409516 103.952509  orientation 0.00
layer back
$PAD "1"
Shape Circle Layer both
position  0.000000  0.000000  size  4.064000  4.064000  orientation 0.00
drill  3.048000
shape_offset  0.000000  0.000000
$EndPAD
$EndMODULE  P12

$MODULE "P13"
reference "P13"
value "CONN_01X01"
footprint "Socket_Arduino_Mega:Arduino_1pin"
attribut none
position 193.539516 119.192509  orientation 0.00
layer back
$PAD "1"
Shape Circle Layer both
position  0.000000  0.000000  size  4.064000  4.064000  orientation 0.00
drill  3.048000
shape_offset  0.000000  0.000000
$EndPAD
$EndMODULE  P13

$MODULE "U2"
reference "U2"
value "ESP-12F"
footprint "RF_Module:ESP-12E"
attribut smd
position 216.662000 129.159000  orientation 180.00
layer front
$PAD "1"
Shape Rect Layer front
position -7.600000 -3.500000  size  2.500000  1.000000  orientation 0.00
drill  0.000000
shape_offset  0.000000  0.000000
$EndPAD
$PAD "2"
Shape Rect Layer front
position -7.600000 -1.500000  size  2.500000  1.000000  orientation 0.00
drill  0.000000
shape_offset  0.000000  0.000000
$EndPAD
$PAD "3"
Shape Rect Layer front
position -7.600000  0.500000  size  2.500000  1.000000  orientation 0.00
drill  0.000000
shape_offset  0.000000  0.000000
$EndPAD
$PAD "4"
Shape Rect Layer front
position -7.600000  2.500000  size  2.500000  1.000000  orientation 0.00
drill  0.000000
shape_offset  0.000000  0.000000
$EndPAD
$PAD "5"
Shape Rect Layer front
position -7.600000  4.500000  size  2.500000  1.000000  orientation 0.00
drill  0.000000
shape_offset  0.000000  0.000000
$EndPAD
$PAD "6"
Shape Rect Layer front
position -7.600000  6.500000  size  2.500000  1.000000  orientation 0.00
drill  0.000000
shape_offset  0.000000  0.000000
$EndPAD
$PAD "7"
Shape Rect Layer front
position -7.600000  8.500000  size  2.500000  1.000000  orientation 0.00
drill  0.000000
shape_offset  0.000000  0.000000
$EndPAD
$PAD "8"
Shape Rect Layer front
position -7.600000 10.500000  size  2.500000  1.000000  orientation 0.00
drill  0.000000
shape_offset  0.000000  0.000000
$EndPAD
$PAD "9"
Shape Rect Layer front
position -5.000000 12.000000  size  1.000000  1.800000  orientation 0.00
drill  0.000000
shape_offset  0.000000  0.000000
$EndPAD
$PAD "10"
Shape Rect Layer front
position -3.000000 12.000000  size  1.000000  1.800000  orientation 0.00
drill  0.000000
shape_offset  0.000000  0.000000
$EndPAD
$PAD "11"
Shape Rect Layer front
position -1.000000 12.000000  size  1.000000  1.800000  orientation 0.00
drill  0.000000
shape_offset  0.000000  0.000000
$EndPAD
$PAD "12"
Shape Rect Layer front
position  1.000000 12.000000  size  1.000000  1.800000  orientation 0.00
drill  0.000000
shape_offset  0.000000  0.000000
$EndPAD
$PAD "13"
Shape Rect Layer front
position  3.000000 12.000000  size  1.000000  1.800000  orientation 0.00
drill  0.000000
shape_offset  0.000000  0.000000
$EndPAD
$PAD "14"
Shape Rect Layer front
position  5.000000 12.000000  size  1.000000  1.800000  orientation 0.00
drill  0.000000
shape_offset  0.000000  0.000000
$EndPAD
$PAD "15"
Shape Rect Layer front
position  7.600000 10.500000  size  2.500000  1.000000  orientation 0.00
drill  0.000000
shape_offset  0.000000  0.000000
$EndPAD
$PAD "16"
Shape Rect Layer front
position  7.600000  8.500000  size  2.500000  1.000000  orientation 0.00
drill  0.000000
shape_offset  0.000000  0.000000
$EndPAD
$PAD "17"
Shape Rect Layer front
position  7.600000  6.500000  size  2.500000  1.000000  orientation 0.00
drill  0.000000
shape_offset  0.000000  0.000000
$EndPAD
$PAD "18"
Shape Rect Layer front
position  7.600000  4.500000  size  2.500000  1.000000  orientation 0.00
drill  0.000000
shape_offset  0.000000  0.000000
$EndPAD
$PAD "19"
Shape Rect Layer front
position  7.600000  2.500000  size  2.500000  1.000000  orientation 0.00
drill  0.000000
shape_offset  0.000000  0.000000
$EndPAD
$PAD "20"
Shape Rect Layer front
position  7.600000  0.500000  size  2.500000  1.000000  orientation 0.00
drill  0.000000
shape_offset  0.000000  0.000000
$EndPAD
$PAD "21"
Shape Rect Layer front
position  7.600000 -1.500000  size  2.500000  1.000000  orientation 0.00
drill  0.000000
shape_offset  0.000000  0.000000
$EndPAD
$PAD "22"
Shape Rect Layer front
position  7.600000 -3.500000  size  2.500000  1.000000  orientation 0.00
drill  0.000000
shape_offset  0.000000  0.000000
$EndPAD
$EndMODULE  U2

$MODULE "C1"
reference "C1"
value "100n"
footprint "Capacitor_SMD:C_0805_2012Metric_Pad1.15x1.40mm_HandSolder"
attribut smd
position 234.400000 126.900000  orientation 180.00
layer front
$PAD "1"
Shape Roundrect Layer front
position -1.025000  0.000000  size  1.150000  1.400000  orientation 0.00
drill  0.000000
shape_offset  0.000000  0.000000
$EndPAD
$PAD "2"
Shape Roundrect Layer front
position  1.025000  0.000000  size  1.150000  1.400000  orientation 0.00
drill  0.000000
shape_offset  0.000000  0.000000
$EndPAD
$EndMODULE  C1

$MODULE "C2"
reference "C2"
value "100n"
footprint "Capacitor_SMD:C_0805_2012Metric_Pad1.15x1.40mm_HandSolder"
attribut smd
position 227.250000 117.750000  orientation 90.00
layer front
$PAD "1"
Shape Roundrect Layer front
position -1.025000  0.000000  size  1.150000  1.400000  orientation 0.00
drill  0.000000
shape_offset  0.000000  0.000000
$EndPAD
$PAD "2"
Shape Roundrect Layer front
position  1.025000  0.000000  size  1.150000  1.400000  orientation 0.00
drill  0.000000
shape_offset  0.000000  0.000000
$EndPAD
$EndMODULE  C2

$MODULE "C3"
reference "C3"
value "100n"
footprint "Capacitor_SMD:C_0805_2012Metric_Pad1.15x1.40mm_HandSolder"
attribut smd
position 230.706000 107.760000  orientation 180.00
layer front
$PAD "2"
Shape Roundrect Layer front
position  1.025000  0.000000  size  1.150000  1.400000  orientation 0.00
drill  0.000000
shape_offset  0.000000  0.000000
$EndPAD
$PAD "1"
Shape Roundrect Layer front
position -1.025000  0.000000  size  1.150000  1.400000  orientation 0.00
drill  0.000000
shape_offset  0.000000  0.000000
$EndPAD
$EndMODULE  C3

$MODULE "C4"
reference "C4"
value "100n"
footprint "Capacitor_SMD:C_0805_2012Metric_Pad1.15x1.40mm_HandSolder"
attribut smd
position 231.328000 77.200000  orientation 180.00
layer front
$PAD "1"
Shape Roundrect Layer front
position -1.025000  0.000000  size  1.150000  1.400000  orientation 0.00
drill  0.000000
shape_offset  0.000000  0.000000
$EndPAD
$PAD "2"
Shape Roundrect Layer front
position  1.025000  0.000000  size  1.150000  1.400000  orientation 0.00
drill  0.000000
shape_offset  0.000000  0.000000
$EndPAD
$EndMODULE  C4

$MODULE "C5"
reference "C5"
value "100n"
footprint "Capacitor_SMD:C_0805_2012Metric_Pad1.15x1.40mm_HandSolder"
attribut smd
position 192.324969 103.015259  orientation 90.00
layer front
$PAD "1"
Shape Roundrect Layer front
position -1.025000  0.000000  size  1.150000  1.400000  orientation 0.00
drill  0.000000
shape_offset  0.000000  0.000000
$EndPAD
$PAD "2"
Shape Roundrect Layer front
position  1.025000  0.000000  size  1.150000  1.400000  orientation 0.00
drill  0.000000
shape_offset  0.000000  0.000000
$EndPAD
$EndMODULE  C5

$MODULE "C6"
reference "C6"
value "100n"
footprint "Capacitor_SMD:C_0805_2012Metric_Pad1.15x1.40mm_HandSolder"
attribut smd
position 192.324969 99.205259  orientation 90.00
layer front
$PAD "1"
Shape Roundrect Layer front
position -1.025000  0.000000  size  1.150000  1.400000  orientation 0.00
drill  0.000000
shape_offset  0.000000  0.000000
$EndPAD
$PAD "2"
Shape Roundrect Layer front
position  1.025000  0.000000  size  1.150000  1.400000  orientation 0.00
drill  0.000000
shape_offset  0.000000  0.000000
$EndPAD
$EndMODULE  C6

$MODULE "C7"
reference "C7"
value "100n"
footprint "Capacitor_SMD:C_0805_2012Metric_Pad1.15x1.40mm_HandSolder"
attribut smd
position 192.324969 95.395259  orientation 90.00
layer front
$PAD "2"
Shape Roundrect Layer front
position  1.025000  0.000000  size  1.150000  1.400000  orientation 0.00
drill  0.000000
shape_offset  0.000000  0.000000
$EndPAD
$PAD "1"
Shape Roundrect Layer front
position -1.025000  0.000000  size  1.150000  1.400000  orientation 0.00
drill  0.000000
shape_offset  0.000000  0.000000
$EndPAD
$EndMODULE  C7

$MODULE "C8"
reference "C8"
value "100n"
footprint "Capacitor_SMD:C_0805_2012Metric_Pad1.15x1.40mm_HandSolder"
attribut smd
position 192.324969 91.550258  orientation 90.00
layer front
$PAD "1"
Shape Roundrect Layer front
position -1.025000  0.000000  size  1.150000  1.400000  orientation 0.00
drill  0.000000
shape_offset  0.000000  0.000000
$EndPAD
$PAD "2"
Shape Roundrect Layer front
position  1.025000  0.000000  size  1.150000  1.400000  orientation 0.00
drill  0.000000
shape_offset  0.000000  0.000000
$EndPAD
$EndMODULE  C8

$MODULE "C9"
reference "C9"
value "100n"
footprint "Capacitor_SMD:C_0805_2012Metric_Pad1.15x1.40mm_HandSolder"
attribut smd
position 192.324969 87.521259  orientation 90.00
layer front
$PAD "2"
Shape Roundrect Layer front
position  1.025000  0.000000  size  1.150000  1.400000  orientation 0.00
drill  0.000000
shape_offset  0.000000  0.000000
$EndPAD
$PAD "1"
Shape Roundrect Layer front
position -1.025000  0.000000  size  1.150000  1.400000  orientation 0.00
drill  0.000000
shape_offset  0.000000  0.000000
$EndPAD
$EndMODULE  C9

$MODULE "C10"
reference "C10"
value "100n"
footprint "Capacitor_SMD:C_0805_2012Metric_Pad1.15x1.40mm_HandSolder"
attribut smd
position 192.324969 83.542258  orientation 90.00
layer front
$PAD "1"
Shape Roundrect Layer front
position -1.025000  0.000000  size  1.150000  1.400000  orientation 0.00
drill  0.000000
shape_offset  0.000000  0.000000
$EndPAD
$PAD "2"
Shape Roundrect Layer front
position  1.025000  0.000000  size  1.150000  1.400000  orientation 0.00
drill  0.000000
shape_offset  0.000000  0.000000
$EndPAD
$EndMODULE  C10

$MODULE "C11"
reference "C11"
value "100n"
footprint "Capacitor_SMD:C_0805_2012Metric_Pad1.15x1.40mm_HandSolder"
attribut smd
position 192.324969 79.647259  orientation 90.00
layer front
$PAD "2"
Shape Roundrect Layer front
position  1.025000  0.000000  size  1.150000  1.400000  orientation 0.00
drill  0.000000
shape_offset  0.000000  0.000000
$EndPAD
$PAD "1"
Shape Roundrect Layer front
position -1.025000  0.000000  size  1.150000  1.400000  orientation 0.00
drill  0.000000
shape_offset  0.000000  0.000000
$EndPAD
$EndMODULE  C11

$MODULE "C12"
reference "C12"
value "100n"
footprint "Capacitor_SMD:C_0805_2012Metric_Pad1.15x1.40mm_HandSolder"
attribut smd
position 192.324969 75.837259  orientation 90.00
layer front
$PAD "1"
Shape Roundrect Layer front
position -1.025000  0.000000  size  1.150000  1.400000  orientation 0.00
drill  0.000000
shape_offset  0.000000  0.000000
$EndPAD
$PAD "2"
Shape Roundrect Layer front
position  1.025000  0.000000  size  1.150000  1.400000  orientation 0.00
drill  0.000000
shape_offset  0.000000  0.000000
$EndPAD
$EndMODULE  C12

$MODULE "C13"
reference "C13"
value "100n"
footprint "Capacitor_SMD:C_0805_2012Metric_Pad1.15x1.40mm_HandSolder"
attribut smd
position 204.724000 108.712000  orientation 270.00
layer front
$PAD "2"
Shape Roundrect Layer front
position  1.025000  0.000000  size  1.150000  1.400000  orientation 0.00
drill  0.000000
shape_offset  0.000000  0.000000
$EndPAD
$PAD "1"
Shape Roundrect Layer front
position -1.025000  0.000000  size  1.150000  1.400000  orientation 0.00
drill  0.000000
shape_offset  0.000000  0.000000
$EndPAD
$EndMODULE  C13

$MODULE "C14"
reference "C14"
value "100n"
footprint "Capacitor_SMD:C_0805_2012Metric_Pad1.15x1.40mm_HandSolder"
attribut smd
position 204.724000 104.648000  orientation 270.00
layer front
$PAD "1"
Shape Roundrect Layer front
position -1.025000  0.000000  size  1.150000  1.400000  orientation 0.00
drill  0.000000
shape_offset  0.000000  0.000000
$EndPAD
$PAD "2"
Shape Roundrect Layer front
position  1.025000  0.000000  size  1.150000  1.400000  orientation 0.00
drill  0.000000
shape_offset  0.000000  0.000000
$EndPAD
$EndMODULE  C14

$MODULE "C15"
reference "C15"
value "100n"
footprint "Capacitor_SMD:C_0805_2012Metric_Pad1.15x1.40mm_HandSolder"
attribut smd
position 204.757720 100.823465  orientation 270.00
layer front
$PAD "2"
Shape Roundrect Layer front
position  1.025000  0.000000  size  1.150000  1.400000  orientation 0.00
drill  0.000000
shape_offset  0.000000  0.000000
$EndPAD
$PAD "1"
Shape Roundrect Layer front
position -1.025000  0.000000  size  1.150000  1.400000  orientation 0.00
drill  0.000000
shape_offset  0.000000  0.000000
$EndPAD
$EndMODULE  C15

$MODULE "C16"
reference "C16"
value "100n"
footprint "Capacitor_SMD:C_0805_2012Metric_Pad1.15x1.40mm_HandSolder"
attribut smd
position 204.757720 97.013465  orientation 270.00
layer front
$PAD "1"
Shape Roundrect Layer front
position -1.025000  0.000000  size  1.150000  1.400000  orientation 0.00
drill  0.000000
shape_offset  0.000000  0.000000
$EndPAD
$PAD "2"
Shape Roundrect Layer front
position  1.025000  0.000000  size  1.150000  1.400000  orientation 0.00
drill  0.000000
shape_offset  0.000000  0.000000
$EndPAD
$EndMODULE  C16

$MODULE "C17"
reference "C17"
value "100n"
footprint "Capacitor_SMD:C_0805_2012Metric_Pad1.15x1.40mm_HandSolder"
attribut smd
position 204.757720 93.203465  orientation 270.00
layer front
$PAD "2"
Shape Roundrect Layer front
position  1.025000  0.000000  size  1.150000  1.400000  orientation 0.00
drill  0.000000
shape_offset  0.000000  0.000000
$EndPAD
$PAD "1"
Shape Roundrect Layer front
position -1.025000  0.000000  size  1.150000  1.400000  orientation 0.00
drill  0.000000
shape_offset  0.000000  0.000000
$EndPAD
$EndMODULE  C17

$MODULE "C18"
reference "C18"
value "100n"
footprint "Capacitor_SMD:C_0805_2012Metric_Pad1.15x1.40mm_HandSolder"
attribut smd
position 204.757720 89.393465  orientation 270.00
layer front
$PAD "2"
Shape Roundrect Layer front
position  1.025000  0.000000  size  1.150000  1.400000  orientation 0.00
drill  0.000000
shape_offset  0.000000  0.000000
$EndPAD
$PAD "1"
Shape Roundrect Layer front
position -1.025000  0.000000  size  1.150000  1.400000  orientation 0.00
drill  0.000000
shape_offset  0.000000  0.000000
$EndPAD
$EndMODULE  C18

$MODULE "C19"
reference "C19"
value "100n"
footprint "Capacitor_SMD:C_0805_2012Metric_Pad1.15x1.40mm_HandSolder"
attribut smd
position 204.757720 85.329465  orientation 270.00
layer front
$PAD "1"
Shape Roundrect Layer front
position -1.025000  0.000000  size  1.150000  1.400000  orientation 0.00
drill  0.000000
shape_offset  0.000000  0.000000
$EndPAD
$PAD "2"
Shape Roundrect Layer front
position  1.025000  0.000000  size  1.150000  1.400000  orientation 0.00
drill  0.000000
shape_offset  0.000000  0.000000
$EndPAD
$EndMODULE  C19

$MODULE "C20"
reference "C20"
value "100n"
footprint "Capacitor_SMD:C_0805_2012Metric_Pad1.15x1.40mm_HandSolder"
attribut smd
position 204.757720 81.519465  orientation 270.00
layer front
$PAD "2"
Shape Roundrect Layer front
position  1.025000  0.000000  size  1.150000  1.400000  orientation 0.00
drill  0.000000
shape_offset  0.000000  0.000000
$EndPAD
$PAD "1"
Shape Roundrect Layer front
position -1.025000  0.000000  size  1.150000  1.400000  orientation 0.00
drill  0.000000
shape_offset  0.000000  0.000000
$EndPAD
$EndMODULE  C20

$MODULE "C21"
reference "C21"
value "100n"
footprint "Capacitor_SMD:C_0805_2012Metric_Pad1.15x1.40mm_HandSolder"
attribut smd
position 157.750000 127.000000  orientation 90.00
layer front
$PAD "1"
Shape Roundrect Layer front
position -1.025000  0.000000  size  1.150000  1.400000  orientation 0.00
drill  0.000000
shape_offset  0.000000  0.000000
$EndPAD
$PAD "2"
Shape Roundrect Layer front
position  1.025000  0.000000  size  1.150000  1.400000  orientation 0.00
drill  0.000000
shape_offset  0.000000  0.000000
$EndPAD
$EndMODULE  C21

$MODULE "C22"
reference "C22"
value "100n"
footprint "Capacitor_SMD:C_0805_2012Metric_Pad1.15x1.40mm_HandSolder"
attribut smd
position 161.500000 126.975000  orientation 90.00
layer front
$PAD "2"
Shape Roundrect Layer front
position  1.025000  0.000000  size  1.150000  1.400000  orientation 0.00
drill  0.000000
shape_offset  0.000000  0.000000
$EndPAD
$PAD "1"
Shape Roundrect Layer front
position -1.025000  0.000000  size  1.150000  1.400000  orientation 0.00
drill  0.000000
shape_offset  0.000000  0.000000
$EndPAD
$EndMODULE  C22

$MODULE "C23"
reference "C23"
value "100n"
footprint "Capacitor_SMD:C_0805_2012Metric_Pad1.15x1.40mm_HandSolder"
attribut smd
position 165.000000 127.000000  orientation 90.00
layer front
$PAD "1"
Shape Roundrect Layer front
position -1.025000  0.000000  size  1.150000  1.400000  orientation 0.00
drill  0.000000
shape_offset  0.000000  0.000000
$EndPAD
$PAD "2"
Shape Roundrect Layer front
position  1.025000  0.000000  size  1.150000  1.400000  orientation 0.00
drill  0.000000
shape_offset  0.000000  0.000000
$EndPAD
$EndMODULE  C23

$MODULE "C24"
reference "C24"
value "100n"
footprint "Capacitor_SMD:C_0805_2012Metric_Pad1.15x1.40mm_HandSolder"
attribut smd
position 168.750000 127.000000  orientation 90.00
layer front
$PAD "2"
Shape Roundrect Layer front
position  1.025000  0.000000  size  1.150000  1.400000  orientation 0.00
drill  0.000000
shape_offset  0.000000  0.000000
$EndPAD
$PAD "1"
Shape Roundrect Layer front
position -1.025000  0.000000  size  1.150000  1.400000  orientation 0.00
drill  0.000000
shape_offset  0.000000  0.000000
$EndPAD
$EndMODULE  C24

$MODULE "C26"
reference "C26"
value "10u"
footprint "Capacitor_SMD:CP_Elec_4x5.4"
attribut smd
position 108.000000 127.750000  orientation 270.00
layer front
$PAD "1"
Shape Rect Layer front
position -1.800000  0.000000  size  2.600000  1.600000  orientation 0.00
drill  0.000000
shape_offset  0.000000  0.000000
$EndPAD
$PAD "2"
Shape Rect Layer front
position  1.800000  0.000000  size  2.600000  1.600000  orientation 0.00
drill  0.000000
shape_offset  0.000000  0.000000
$EndPAD
$EndMODULE  C26

$MODULE "C27"
reference "C27"
value "100u"
footprint "Capacitor_SMD:CP_Elec_8x6.5"
attribut smd
position 143.750000 128.750000  orientation 270.00
layer front
$PAD "2"
Shape Rect Layer front
position  3.050000  0.000000  size  4.000000  2.500000  orientation 0.00
drill  0.000000
shape_offset  0.000000  0.000000
$EndPAD
$PAD "1"
Shape Rect Layer front
position -3.050000  0.000000  size  4.000000  2.500000  orientation 0.00
drill  0.000000
shape_offset  0.000000  0.000000
$EndPAD
$EndMODULE  C27

$MODULE "D1"
reference "D1"
value "D"
footprint "Diode_SMD:D_SOD-123"
attribut smd
position 146.304000 75.184000  orientation 180.00
layer front
$PAD "2"
Shape Rect Layer front
position  1.650000  0.000000  size  0.900000  1.200000  orientation 0.00
drill  0.000000
shape_offset  0.000000  0.000000
$EndPAD
$PAD "1"
Shape Rect Layer front
position -1.650000  0.000000  size  0.900000  1.200000  orientation 0.00
drill  0.000000
shape_offset  0.000000  0.000000
$EndPAD
$EndMODULE  D1

$MODULE "D2"
reference "D2"
value "D"
footprint "Diode_SMD:D_SOD-123"
attribut smd
position 101.250000 138.430000  orientation 180.00
layer front
$PAD "1"
Shape Rect Layer front
position -1.650000  0.000000  size  0.900000  1.200000  orientation 0.00
drill  0.000000
shape_offset  0.000000  0.000000
$EndPAD
$PAD "2"
Shape Rect Layer front
position  1.650000  0.000000  size  0.900000  1.200000  orientation 0.00
drill  0.000000
shape_offset  0.000000  0.000000
$EndPAD
$EndMODULE  D2

$MODULE "D3"
reference "D3"
value "D"
footprint "Diode_SMD:D_SOD-123"
attribut smd
position 102.500000 125.750000  orientation 180.00
layer front
$PAD "2"
Shape Rect Layer front
position  1.650000  0.000000  size  0.900000  1.200000  orientation 0.00
drill  0.000000
shape_offset  0.000000  0.000000
$EndPAD
$PAD "1"
Shape Rect Layer front
position -1.650000  0.000000  size  0.900000  1.200000  orientation 0.00
drill  0.000000
shape_offset  0.000000  0.000000
$EndPAD
$EndMODULE  D3

$MODULE "D4"
reference "D4"
value "D"
footprint "Diode_SMD:D_SOD-123"
attribut smd
position 117.250000 128.500000  orientation 270.00
layer front
$PAD "1"
Shape Rect Layer front
position -1.650000  0.000000  size  0.900000  1.200000  orientation 0.00
drill  0.000000
shape_offset  0.000000  0.000000
$EndPAD
$PAD "2"
Shape Rect Layer front
position  1.650000  0.000000  size  0.900000  1.200000  orientation 0.00
drill  0.000000
shape_offset  0.000000  0.000000
$EndPAD
$EndMODULE  D4

$MODULE "Q1"
reference "Q1"
value "BSS138"
footprint "Package_TO_SOT_SMD:SOT-23"
attribut smd
position 192.278000 134.620000  orientation 180.00
layer front
$PAD "1"
Shape Rect Layer front
position -1.000000 -0.950000  size  0.900000  0.800000  orientation 0.00
drill  0.000000
shape_offset  0.000000  0.000000
$EndPAD
$PAD "2"
Shape Rect Layer front
position -1.000000  0.950000  size  0.900000  0.800000  orientation 0.00
drill  0.000000
shape_offset  0.000000  0.000000
$EndPAD
$PAD "3"
Shape Rect Layer front
position  1.000000  0.000000  size  0.900000  0.800000  orientation 0.00
drill  0.000000
shape_offset  0.000000  0.000000
$EndPAD
$EndMODULE  Q1

$MODULE "Q2"
reference "Q2"
value "BSS138"
footprint "Package_TO_SOT_SMD:SOT-23"
attribut smd
position 191.516000 126.746000  orientation 180.00
layer front
$PAD "3"
Shape Rect Layer front
position  1.000000  0.000000  size  0.900000  0.800000  orientation 0.00
drill  0.000000
shape_offset  0.000000  0.000000
$EndPAD
$PAD "2"
Shape Rect Layer front
position -1.000000  0.950000  size  0.900000  0.800000  orientation 0.00
drill  0.000000
shape_offset  0.000000  0.000000
$EndPAD
$PAD "1"
Shape Rect Layer front
position -1.000000 -0.950000  size  0.900000  0.800000  orientation 0.00
drill  0.000000
shape_offset  0.000000  0.000000
$EndPAD
$EndMODULE  Q2

$MODULE "R1"
reference "R1"
value "10K"
footprint "Resistor_SMD:R_0805_2012Metric_Pad1.15x1.40mm_HandSolder"
attribut smd
position 229.632992 136.807881  orientation 90.00
layer front
$PAD "2"
Shape Roundrect Layer front
position  1.025000  0.000000  size  1.150000  1.400000  orientation 0.00
drill  0.000000
shape_offset  0.000000  0.000000
$EndPAD
$PAD "1"
Shape Roundrect Layer front
position -1.025000  0.000000  size  1.150000  1.400000  orientation 0.00
drill  0.000000
shape_offset  0.000000  0.000000
$EndPAD
$EndMODULE  R1

$MODULE "R2"
reference "R2"
value "10K"
footprint "Resistor_SMD:R_0805_2012Metric_Pad1.15x1.40mm_HandSolder"
attribut smd
position 229.362000 127.889000  orientation 90.00
layer front
$PAD "1"
Shape Roundrect Layer front
position -1.025000  0.000000  size  1.150000  1.400000  orientation 0.00
drill  0.000000
shape_offset  0.000000  0.000000
$EndPAD
$PAD "2"
Shape Roundrect Layer front
position  1.025000  0.000000  size  1.150000  1.400000  orientation 0.00
drill  0.000000
shape_offset  0.000000  0.000000
$EndPAD
$EndMODULE  R2

$MODULE "R3"
reference "R3"
value "20K"
footprint "Resistor_SMD:R_0805_2012Metric_Pad1.15x1.40mm_HandSolder"
attribut smd
position 229.632992 132.489881  orientation 90.00
layer front
$PAD "1"
Shape Roundrect Layer front
position -1.025000  0.000000  size  1.150000  1.400000  orientation 0.00
drill  0.000000
shape_offset  0.000000  0.000000
$EndPAD
$PAD "2"
Shape Roundrect Layer front
position  1.025000  0.000000  size  1.150000  1.400000  orientation 0.00
drill  0.000000
shape_offset  0.000000  0.000000
$EndPAD
$EndMODULE  R3

$MODULE "R4"
reference "R4"
value "10K"
footprint "Resistor_SMD:R_0805_2012Metric_Pad1.15x1.40mm_HandSolder"
attribut smd
position 229.296000 74.660000  orientation 180.00
layer front
$PAD "1"
Shape Roundrect Layer front
position -1.025000  0.000000  size  1.150000  1.400000  orientation 0.00
drill  0.000000
shape_offset  0.000000  0.000000
$EndPAD
$PAD "2"
Shape Roundrect Layer front
position  1.025000  0.000000  size  1.150000  1.400000  orientation 0.00
drill  0.000000
shape_offset  0.000000  0.000000
$EndPAD
$EndMODULE  R4

$MODULE "R5"
reference "R5"
value "10K"
footprint "Resistor_SMD:R_0805_2012Metric_Pad1.15x1.40mm_HandSolder"
attribut smd
position 204.978000 119.761000  orientation 270.00
layer front
$PAD "2"
Shape Roundrect Layer front
position  1.025000  0.000000  size  1.150000  1.400000  orientation 0.00
drill  0.000000
shape_offset  0.000000  0.000000
$EndPAD
$PAD "1"
Shape Roundrect Layer front
position -1.025000  0.000000  size  1.150000  1.400000  orientation 0.00
drill  0.000000
shape_offset  0.000000  0.000000
$EndPAD
$EndMODULE  R5

$MODULE "R6"
reference "R6"
value "10K"
footprint "Resistor_SMD:R_0805_2012Metric_Pad1.15x1.40mm_HandSolder"
attribut smd
position 204.724000 127.635000  orientation 0.00
layer front
$PAD "1"
Shape Roundrect Layer front
position -1.025000  0.000000  size  1.150000  1.400000  orientation 0.00
drill  0.000000
shape_offset  0.000000  0.000000
$EndPAD
$PAD "2"
Shape Roundrect Layer front
position  1.025000  0.000000  size  1.150000  1.400000  orientation 0.00
drill  0.000000
shape_offset  0.000000  0.000000
$EndPAD
$EndMODULE  R6

$MODULE "R7"
reference "R7"
value "10K"
footprint "Resistor_SMD:R_0805_2012Metric_Pad1.15x1.40mm_HandSolder"
attribut smd
position 204.724000 124.333000  orientation 0.00
layer front
$PAD "1"
Shape Roundrect Layer front
position -1.025000  0.000000  size  1.150000  1.400000  orientation 0.00
drill  0.000000
shape_offset  0.000000  0.000000
$EndPAD
$PAD "2"
Shape Roundrect Layer front
position  1.025000  0.000000  size  1.150000  1.400000  orientation 0.00
drill  0.000000
shape_offset  0.000000  0.000000
$EndPAD
$EndMODULE  R7

$MODULE "R8"
reference "R8"
value "10K"
footprint "Resistor_SMD:R_0805_2012Metric_Pad1.15x1.40mm_HandSolder"
attribut smd
position 228.674000 105.474000  orientation 180.00
layer front
$PAD "2"
Shape Roundrect Layer front
position  1.025000  0.000000  size  1.150000  1.400000  orientation 0.00
drill  0.000000
shape_offset  0.000000  0.000000
$EndPAD
$PAD "1"
Shape Roundrect Layer front
position -1.025000  0.000000  size  1.150000  1.400000  orientation 0.00
drill  0.000000
shape_offset  0.000000  0.000000
$EndPAD
$EndMODULE  R8

$MODULE "R9"
reference "R9"
value "10K"
footprint "Resistor_SMD:R_0805_2012Metric_Pad1.15x1.40mm_HandSolder"
attribut smd
position 196.596000 134.366000  orientation 90.00
layer front
$PAD "2"
Shape Roundrect Layer front
position  1.025000  0.000000  size  1.150000  1.400000  orientation 0.00
drill  0.000000
shape_offset  0.000000  0.000000
$EndPAD
$PAD "1"
Shape Roundrect Layer front
position -1.025000  0.000000  size  1.150000  1.400000  orientation 0.00
drill  0.000000
shape_offset  0.000000  0.000000
$EndPAD
$EndMODULE  R9

$MODULE "R10"
reference "R10"
value "10K"
footprint "Resistor_SMD:R_0805_2012Metric_Pad1.15x1.40mm_HandSolder"
attribut smd
position 190.246000 137.668000  orientation 0.00
layer front
$PAD "2"
Shape Roundrect Layer front
position  1.025000  0.000000  size  1.150000  1.400000  orientation 0.00
drill  0.000000
shape_offset  0.000000  0.000000
$EndPAD
$PAD "1"
Shape Roundrect Layer front
position -1.025000  0.000000  size  1.150000  1.400000  orientation 0.00
drill  0.000000
shape_offset  0.000000  0.000000
$EndPAD
$EndMODULE  R10

$MODULE "R11"
reference "R11"
value "10K"
footprint "Resistor_SMD:R_0805_2012Metric_Pad1.15x1.40mm_HandSolder"
attribut smd
position 195.834000 124.968000  orientation 0.00
layer front
$PAD "2"
Shape Roundrect Layer front
position  1.025000  0.000000  size  1.150000  1.400000  orientation 0.00
drill  0.000000
shape_offset  0.000000  0.000000
$EndPAD
$PAD "1"
Shape Roundrect Layer front
position -1.025000  0.000000  size  1.150000  1.400000  orientation 0.00
drill  0.000000
shape_offset  0.000000  0.000000
$EndPAD
$EndMODULE  R11

$MODULE "R12"
reference "R12"
value "10K"
footprint "Resistor_SMD:R_0805_2012Metric_Pad1.15x1.40mm_HandSolder"
attribut smd
position 191.516000 131.064000  orientation 180.00
layer front
$PAD "1"
Shape Roundrect Layer front
position -1.025000  0.000000  size  1.150000  1.400000  orientation 0.00
drill  0.000000
shape_offset  0.000000  0.000000
$EndPAD
$PAD "2"
Shape Roundrect Layer front
position  1.025000  0.000000  size  1.150000  1.400000  orientation 0.00
drill  0.000000
shape_offset  0.000000  0.000000
$EndPAD
$EndMODULE  R12

$MODULE "R13"
reference "R13"
value "10K"
footprint "Resistor_SMD:R_0805_2012Metric_Pad1.15x1.40mm_HandSolder"
attribut smd
position 156.000000 131.250000  orientation 90.00
layer front
$PAD "2"
Shape Roundrect Layer front
position  1.025000  0.000000  size  1.150000  1.400000  orientation 0.00
drill  0.000000
shape_offset  0.000000  0.000000
$EndPAD
$PAD "1"
Shape Roundrect Layer front
position -1.025000  0.000000  size  1.150000  1.400000  orientation 0.00
drill  0.000000
shape_offset  0.000000  0.000000
$EndPAD
$EndMODULE  R13

$MODULE "R14"
reference "R14"
value "10K"
footprint "Resistor_SMD:R_0805_2012Metric_Pad1.15x1.40mm_HandSolder"
attribut smd
position 159.500000 131.250000  orientation 90.00
layer front
$PAD "1"
Shape Roundrect Layer front
position -1.025000  0.000000  size  1.150000  1.400000  orientation 0.00
drill  0.000000
shape_offset  0.000000  0.000000
$EndPAD
$PAD "2"
Shape Roundrect Layer front
position  1.025000  0.000000  size  1.150000  1.400000  orientation 0.00
drill  0.000000
shape_offset  0.000000  0.000000
$EndPAD
$EndMODULE  R14

$MODULE "R15"
reference "R15"
value "10K"
footprint "Resistor_SMD:R_0805_2012Metric_Pad1.15x1.40mm_HandSolder"
attribut smd
position 163.250000 131.250000  orientation 90.00
layer front
$PAD "2"
Shape Roundrect Layer front
position  1.025000  0.000000  size  1.150000  1.400000  orientation 0.00
drill  0.000000
shape_offset  0.000000  0.000000
$EndPAD
$PAD "1"
Shape Roundrect Layer front
position -1.025000  0.000000  size  1.150000  1.400000  orientation 0.00
drill  0.000000
shape_offset  0.000000  0.000000
$EndPAD
$EndMODULE  R15

$MODULE "R16"
reference "R16"
value "10K"
footprint "Resistor_SMD:R_0805_2012Metric_Pad1.15x1.40mm_HandSolder"
attribut smd
position 177.250000 127.000000  orientation 90.00
layer front
$PAD "2"
Shape Roundrect Layer front
position  1.025000  0.000000  size  1.150000  1.400000  orientation 0.00
drill  0.000000
shape_offset  0.000000  0.000000
$EndPAD
$PAD "1"
Shape Roundrect Layer front
position -1.025000  0.000000  size  1.150000  1.400000  orientation 0.00
drill  0.000000
shape_offset  0.000000  0.000000
$EndPAD
$EndMODULE  R16

$MODULE "R17"
reference "R17"
value "10K"
footprint "Resistor_SMD:R_0805_2012Metric_Pad1.15x1.40mm_HandSolder"
attribut smd
position 166.750000 131.250000  orientation 90.00
layer front
$PAD "1"
Shape Roundrect Layer front
position -1.025000  0.000000  size  1.150000  1.400000  orientation 0.00
drill  0.000000
shape_offset  0.000000  0.000000
$EndPAD
$PAD "2"
Shape Roundrect Layer front
position  1.025000  0.000000  size  1.150000  1.400000  orientation 0.00
drill  0.000000
shape_offset  0.000000  0.000000
$EndPAD
$EndMODULE  R17

$MODULE "R18"
reference "R18"
value "100"
footprint "Resistor_SMD:R_0805_2012Metric_Pad1.15x1.40mm_HandSolder"
attribut smd
position 151.130000 60.960000  orientation 180.00
layer front
$PAD "1"
Shape Roundrect Layer front
position -1.025000  0.000000  size  1.150000  1.400000  orientation 0.00
drill  0.000000
shape_offset  0.000000  0.000000
$EndPAD
$PAD "2"
Shape Roundrect Layer front
position  1.025000  0.000000  size  1.150000  1.400000  orientation 0.00
drill  0.000000
shape_offset  0.000000  0.000000
$EndPAD
$EndMODULE  R18

$MODULE "RV1"
reference "RV1"
value "R_POT"
footprint "Potentiometer_THT:Potentiometer_Bourns_3296W_Vertical"
attribut none
position 107.950000 57.150000  orientation 90.00
layer front
$PAD "1"
Shape Circle Layer both
position  0.000000  0.000000  size  1.440000  1.440000  orientation 0.00
drill  0.800000
shape_offset  0.000000  0.000000
$EndPAD
$PAD "2"
Shape Circle Layer both
position -2.540000  0.000000  size  1.440000  1.440000  orientation 0.00
drill  0.800000
shape_offset  0.000000  0.000000
$EndPAD
$PAD "3"
Shape Circle Layer both
position -5.080000  0.000000  size  1.440000  1.440000  orientation 0.00
drill  0.800000
shape_offset  0.000000  0.000000
$EndPAD
$EndMODULE  RV1

$MODULE "SW1"
reference "SW1"
value "SW_Push"
footprint "Button_Switch_THT:SW_DIP_SPSTx01_Slide_9.78x4.72mm_W7.62mm_P2.54mm"
attribut none
position 236.822080 122.041544  orientation 180.00
layer front
$PAD "1"
Shape Rect Layer both
position  0.000000  0.000000  size  1.600000  1.600000  orientation 0.00
drill  0.800000
shape_offset  0.000000  0.000000
$EndPAD
$PAD "2"
Shape Oval Layer both
position  7.620000  0.000000  size  1.600000  1.600000  orientation 0.00
drill  0.800000
shape_offset  0.000000  0.000000
$EndPAD
$EndMODULE  SW1

$MODULE "U1"
reference "U1"
value "MAX7219"
footprint "Package_SO:SOIC-24W_7.5x15.4mm_P1.27mm"
attribut smd
position 229.752093 67.097369  orientation 270.00
layer front
$PAD "24"
Shape Rect Layer front
position  4.700000 -6.985000  size  2.000000  0.600000  orientation 0.00
drill  0.000000
shape_offset  0.000000  0.000000
$EndPAD
$PAD "23"
Shape Rect Layer front
position  4.700000 -5.715000  size  2.000000  0.600000  orientation 0.00
drill  0.000000
shape_offset  0.000000  0.000000
$EndPAD
$PAD "22"
Shape Rect Layer front
position  4.700000 -4.445000  size  2.000000  0.600000  orientation 0.00
drill  0.000000
shape_offset  0.000000  0.000000
$EndPAD
$PAD "21"
Shape Rect Layer front
position  4.700000 -3.175000  size  2.000000  0.600000  orientation 0.00
drill  0.000000
shape_offset  0.000000  0.000000
$EndPAD
$PAD "20"
Shape Rect Layer front
position  4.700000 -1.905000  size  2.000000  0.600000  orientation 0.00
drill  0.000000
shape_offset  0.000000  0.000000
$EndPAD
$PAD "19"
Shape Rect Layer front
position  4.700000 -0.635000  size  2.000000  0.600000  orientation 0.00
drill  0.000000
shape_offset  0.000000  0.000000
$EndPAD
$PAD "18"
Shape Rect Layer front
position  4.700000  0.635000  size  2.000000  0.600000  orientation 0.00
drill  0.000000
shape_offset  0.000000  0.000000
$EndPAD
$PAD "17"
Shape Rect Layer front
position  4.700000  1.905000  size  2.000000  0.600000  orientation 0.00
drill  0.000000
shape_offset  0.000000  0.000000
$EndPAD
$PAD "16"
Shape Rect Layer front
position  4.700000  3.175000  size  2.000000  0.600000  orientation 0.00
drill  0.000000
shape_offset  0.000000  0.000000
$EndPAD
$PAD "15"
Shape Rect Layer front
position  4.700000  4.445000  size  2.000000  0.600000  orientation 0.00
drill  0.000000
shape_offset  0.000000  0.000000
$EndPAD
$PAD "14"
Shape Rect Layer front
position  4.700000  5.715000  size  2.000000  0.600000  orientation 0.00
drill  0.000000
shape_offset  0.000000  0.000000
$EndPAD
$PAD "13"
Shape Rect Layer front
position  4.700000  6.985000  size  2.000000  0.600000  orientation 0.00
drill  0.000000
shape_offset  0.000000  0.000000
$EndPAD
$PAD "12"
Shape Rect Layer front
position -4.700000  6.985000  size  2.000000  0.600000  orientation 0.00
drill  0.000000
shape_offset  0.000000  0.000000
$EndPAD
$PAD "11"
Shape Rect Layer front
position -4.700000  5.715000  size  2.000000  0.600000  orientation 0.00
drill  0.000000
shape_offset  0.000000  0.000000
$EndPAD
$PAD "10"
Shape Rect Layer front
position -4.700000  4.445000  size  2.000000  0.600000  orientation 0.00
drill  0.000000
shape_offset  0.000000  0.000000
$EndPAD
$PAD "9"
Shape Rect Layer front
position -4.700000  3.175000  size  2.000000  0.600000  orientation 0.00
drill  0.000000
shape_offset  0.000000  0.000000
$EndPAD
$PAD "8"
Shape Rect Layer front
position -4.700000  1.905000  size  2.000000  0.600000  orientation 0.00
drill  0.000000
shape_offset  0.000000  0.000000
$EndPAD
$PAD "7"
Shape Rect Layer front
position -4.700000  0.635000  size  2.000000  0.600000  orientation 0.00
drill  0.000000
shape_offset  0.000000  0.000000
$EndPAD
$PAD "6"
Shape Rect Layer front
position -4.700000 -0.635000  size  2.000000  0.600000  orientation 0.00
drill  0.000000
shape_offset  0.000000  0.000000
$EndPAD
$PAD "5"
Shape Rect Layer front
position -4.700000 -1.905000  size  2.000000  0.600000  orientation 0.00
drill  0.000000
shape_offset  0.000000  0.000000
$EndPAD
$PAD "4"
Shape Rect Layer front
position -4.700000 -3.175000  size  2.000000  0.600000  orientation 0.00
drill  0.000000
shape_offset  0.000000  0.000000
$EndPAD
$PAD "3"
Shape Rect Layer front
position -4.700000 -4.445000  size  2.000000  0.600000  orientation 0.00
drill  0.000000
shape_offset  0.000000  0.000000
$EndPAD
$PAD "2"
Shape Rect Layer front
position -4.700000 -5.715000  size  2.000000  0.600000  orientation 0.00
drill  0.000000
shape_offset  0.000000  0.000000
$EndPAD
$PAD "1"
Shape Rect Layer front
position -4.700000 -6.985000  size  2.000000  0.600000  orientation 0.00
drill  0.000000
shape_offset  0.000000  0.000000
$EndPAD
$EndMODULE  U1

$MODULE "U3"
reference "U3"
value "MAX7219"
footprint "Package_SO:SOIC-24W_7.5x15.4mm_P1.27mm"
attribut smd
position 229.130093 97.911369  orientation 270.00
layer front
$PAD "1"
Shape Rect Layer front
position -4.700000 -6.985000  size  2.000000  0.600000  orientation 0.00
drill  0.000000
shape_offset  0.000000  0.000000
$EndPAD
$PAD "2"
Shape Rect Layer front
position -4.700000 -5.715000  size  2.000000  0.600000  orientation 0.00
drill  0.000000
shape_offset  0.000000  0.000000
$EndPAD
$PAD "3"
Shape Rect Layer front
position -4.700000 -4.445000  size  2.000000  0.600000  orientation 0.00
drill  0.000000
shape_offset  0.000000  0.000000
$EndPAD
$PAD "4"
Shape Rect Layer front
position -4.700000 -3.175000  size  2.000000  0.600000  orientation 0.00
drill  0.000000
shape_offset  0.000000  0.000000
$EndPAD
$PAD "5"
Shape Rect Layer front
position -4.700000 -1.905000  size  2.000000  0.600000  orientation 0.00
drill  0.000000
shape_offset  0.000000  0.000000
$EndPAD
$PAD "6"
Shape Rect Layer front
position -4.700000 -0.635000  size  2.000000  0.600000  orientation 0.00
drill  0.000000
shape_offset  0.000000  0.000000
$EndPAD
$PAD "7"
Shape Rect Layer front
position -4.700000  0.635000  size  2.000000  0.600000  orientation 0.00
drill  0.000000
shape_offset  0.000000  0.000000
$EndPAD
$PAD "8"
Shape Rect Layer front
position -4.700000  1.905000  size  2.000000  0.600000  orientation 0.00
drill  0.000000
shape_offset  0.000000  0.000000
$EndPAD
$PAD "9"
Shape Rect Layer front
position -4.700000  3.175000  size  2.000000  0.600000  orientation 0.00
drill  0.000000
shape_offset  0.000000  0.000000
$EndPAD
$PAD "10"
Shape Rect Layer front
position -4.700000  4.445000  size  2.000000  0.600000  orientation 0.00
drill  0.000000
shape_offset  0.000000  0.000000
$EndPAD
$PAD "11"
Shape Rect Layer front
position -4.700000  5.715000  size  2.000000  0.600000  orientation 0.00
drill  0.000000
shape_offset  0.000000  0.000000
$EndPAD
$PAD "12"
Shape Rect Layer front
position -4.700000  6.985000  size  2.000000  0.600000  orientation 0.00
drill  0.000000
shape_offset  0.000000  0.000000
$EndPAD
$PAD "13"
Shape Rect Layer front
position  4.700000  6.985000  size  2.000000  0.600000  orientation 0.00
drill  0.000000
shape_offset  0.000000  0.000000
$EndPAD
$PAD "14"
Shape Rect Layer front
position  4.700000  5.715000  size  2.000000  0.600000  orientation 0.00
drill  0.000000
shape_offset  0.000000  0.000000
$EndPAD
$PAD "15"
Shape Rect Layer front
position  4.700000  4.445000  size  2.000000  0.600000  orientation 0.00
drill  0.000000
shape_offset  0.000000  0.000000
$EndPAD
$PAD "16"
Shape Rect Layer front
position  4.700000  3.175000  size  2.000000  0.600000  orientation 0.00
drill  0.000000
shape_offset  0.000000  0.000000
$EndPAD
$PAD "17"
Shape Rect Layer front
position  4.700000  1.905000  size  2.000000  0.600000  orientation 0.00
drill  0.000000
shape_offset  0.000000  0.000000
$EndPAD
$PAD "18"
Shape Rect Layer front
position  4.700000  0.635000  size  2.000000  0.600000  orientation 0.00
drill  0.000000
shape_offset  0.000000  0.000000
$EndPAD
$PAD "19"
Shape Rect Layer front
position  4.700000 -0.635000  size  2.000000  0.600000  orientation 0.00
drill  0.000000
shape_offset  0.000000  0.000000
$EndPAD
$PAD "20"
Shape Rect Layer front
position  4.700000 -1.905000  size  2.000000  0.600000  orientation 0.00
drill  0.000000
shape_offset  0.000000  0.000000
$EndPAD
$PAD "21"
Shape Rect Layer front
position  4.700000 -3.175000  size  2.000000  0.600000  orientation 0.00
drill  0.000000
shape_offset  0.000000  0.000000
$EndPAD
$PAD "22"
Shape Rect Layer front
position  4.700000 -4.445000  size  2.000000  0.600000  orientation 0.00
drill  0.000000
shape_offset  0.000000  0.000000
$EndPAD
$PAD "23"
Shape Rect Layer front
position  4.700000 -5.715000  size  2.000000  0.600000  orientation 0.00
drill  0.000000
shape_offset  0.000000  0.000000
$EndPAD
$PAD "24"
Shape Rect Layer front
position  4.700000 -6.985000  size  2.000000  0.600000  orientation 0.00
drill  0.000000
shape_offset  0.000000  0.000000
$EndPAD
$EndMODULE  U3

$MODULE "U6"
reference "U6"
value "LD1117S50TR_SOT223"
footprint "Package_TO_SOT_THT:TO-220-3_Vertical"
attribut none
position 114.050000 132.350000  orientation 90.00
layer front
$PAD "1"
Shape Rect Layer both
position  0.000000  0.000000  size  1.905000  2.000000  orientation 0.00
drill  1.100000
shape_offset  0.000000  0.000000
$EndPAD
$PAD "2"
Shape Oval Layer both
position  2.540000  0.000000  size  1.905000  2.000000  orientation 0.00
drill  1.100000
shape_offset  0.000000  0.000000
$EndPAD
$PAD "3"
Shape Oval Layer both
position  5.080000  0.000000  size  1.905000  2.000000  orientation 0.00
drill  1.100000
shape_offset  0.000000  0.000000
$EndPAD
$EndMODULE  U6

$MODULE "U4"
reference "U4"
value "SHIFT_LEVEL_3.3V_5V"
footprint "LEEVAWNS:SHIFTLEVEL"
attribut none
position 186.182000 137.668000  orientation 90.00
layer front
$PAD "6"
Shape Circle Layer both
position 12.700000 12.700000  size  1.500000  1.500000  orientation 0.00
drill  0.900000
shape_offset  0.000000  0.000000
$EndPAD
$PAD "5"
Shape Circle Layer both
position 10.160000 12.700000  size  1.500000  1.500000  orientation 0.00
drill  0.900000
shape_offset  0.000000  0.000000
$EndPAD
$PAD "4"
Shape Circle Layer both
position  7.620000 12.700000  size  1.500000  1.500000  orientation 0.00
drill  0.900000
shape_offset  0.000000  0.000000
$EndPAD
$PAD "3"
Shape Circle Layer both
position  5.080000 12.700000  size  1.500000  1.500000  orientation 0.00
drill  0.900000
shape_offset  0.000000  0.000000
$EndPAD
$PAD "2"
Shape Circle Layer both
position  2.540000 12.700000  size  1.500000  1.500000  orientation 0.00
drill  0.900000
shape_offset  0.000000  0.000000
$EndPAD
$PAD "1"
Shape Circle Layer both
position  0.000000 12.700000  size  1.500000  1.500000  orientation 0.00
drill  0.900000
shape_offset  0.000000  0.000000
$EndPAD
$PAD "7"
Shape Circle Layer both
position 12.700000  0.000000  size  1.500000  1.500000  orientation 0.00
drill  0.900000
shape_offset  0.000000  0.000000
$EndPAD
$PAD "8"
Shape Circle Layer both
position 10.160000  0.000000  size  1.500000  1.500000  orientation 0.00
drill  0.900000
shape_offset  0.000000  0.000000
$EndPAD
$PAD "9"
Shape Circle Layer both
position  7.620000  0.000000  size  1.500000  1.500000  orientation 0.00
drill  0.900000
shape_offset  0.000000  0.000000
$EndPAD
$PAD "10"
Shape Circle Layer both
position  5.080000  0.000000  size  1.500000  1.500000  orientation 0.00
drill  0.900000
shape_offset  0.000000  0.000000
$EndPAD
$PAD "11"
Shape Circle Layer both
position  2.540000  0.000000  size  1.500000  1.500000  orientation 0.00
drill  0.900000
shape_offset  0.000000  0.000000
$EndPAD
$PAD "12"
Shape Circle Layer both
position  0.000000  0.000000  size  1.500000  1.500000  orientation 0.00
drill  0.900000
shape_offset  0.000000  0.000000
$EndPAD
$EndMODULE  U4

$MODULE "J1"
reference "J1"
value "Conn_02x08_Odd_Even"
footprint "Connector_IDC:IDC-Header_2x08_P2.54mm_Vertical"
attribut none
position 247.330000 75.930000  orientation 180.00
layer front
$PAD "16"
Shape Oval Layer both
position  2.540000 17.780000  size  1.727200  1.727200  orientation 0.00
drill  1.016000
shape_offset  0.000000  0.000000
$EndPAD
$PAD "15"
Shape Oval Layer both
position  0.000000 17.780000  size  1.727200  1.727200  orientation 0.00
drill  1.016000
shape_offset  0.000000  0.000000
$EndPAD
$PAD "14"
Shape Oval Layer both
position  2.540000 15.240000  size  1.727200  1.727200  orientation 0.00
drill  1.016000
shape_offset  0.000000  0.000000
$EndPAD
$PAD "13"
Shape Oval Layer both
position  0.000000 15.240000  size  1.727200  1.727200  orientation 0.00
drill  1.016000
shape_offset  0.000000  0.000000
$EndPAD
$PAD "12"
Shape Oval Layer both
position  2.540000 12.700000  size  1.727200  1.727200  orientation 0.00
drill  1.016000
shape_offset  0.000000  0.000000
$EndPAD
$PAD "11"
Shape Oval Layer both
position  0.000000 12.700000  size  1.727200  1.727200  orientation 0.00
drill  1.016000
shape_offset  0.000000  0.000000
$EndPAD
$PAD "10"
Shape Oval Layer both
position  2.540000 10.160000  size  1.727200  1.727200  orientation 0.00
drill  1.016000
shape_offset  0.000000  0.000000
$EndPAD
$PAD "9"
Shape Oval Layer both
position  0.000000 10.160000  size  1.727200  1.727200  orientation 0.00
drill  1.016000
shape_offset  0.000000  0.000000
$EndPAD
$PAD "8"
Shape Oval Layer both
position  2.540000  7.620000  size  1.727200  1.727200  orientation 0.00
drill  1.016000
shape_offset  0.000000  0.000000
$EndPAD
$PAD "7"
Shape Oval Layer both
position  0.000000  7.620000  size  1.727200  1.727200  orientation 0.00
drill  1.016000
shape_offset  0.000000  0.000000
$EndPAD
$PAD "6"
Shape Oval Layer both
position  2.540000  5.080000  size  1.727200  1.727200  orientation 0.00
drill  1.016000
shape_offset  0.000000  0.000000
$EndPAD
$PAD "5"
Shape Oval Layer both
position  0.000000  5.080000  size  1.727200  1.727200  orientation 0.00
drill  1.016000
shape_offset  0.000000  0.000000
$EndPAD
$PAD "4"
Shape Oval Layer both
position  2.540000  2.540000  size  1.727200  1.727200  orientation 0.00
drill  1.016000
shape_offset  0.000000  0.000000
$EndPAD
$PAD "3"
Shape Oval Layer both
position  0.000000  2.540000  size  1.727200  1.727200  orientation 0.00
drill  1.016000
shape_offset  0.000000  0.000000
$EndPAD
$PAD "2"
Shape Oval Layer both
position  2.540000  0.000000  size  1.727200  1.727200  orientation 0.00
drill  1.016000
shape_offset  0.000000  0.000000
$EndPAD
$PAD "1"
Shape Rect Layer both
position  0.000000  0.000000  size  1.727200  1.727200  orientation 0.00
drill  1.016000
shape_offset  0.000000  0.000000
$EndPAD
$EndMODULE  J1

$MODULE "J2"
reference "J2"
value "Conn_02x08_Odd_Even"
footprint "Connector_IDC:IDC-Header_2x08_P2.54mm_Vertical"
attribut none
position 247.470000 106.490000  orientation 180.00
layer front
$PAD "1"
Shape Rect Layer both
position  0.000000  0.000000  size  1.727200  1.727200  orientation 0.00
drill  1.016000
shape_offset  0.000000  0.000000
$EndPAD
$PAD "2"
Shape Oval Layer both
position  2.540000  0.000000  size  1.727200  1.727200  orientation 0.00
drill  1.016000
shape_offset  0.000000  0.000000
$EndPAD
$PAD "3"
Shape Oval Layer both
position  0.000000  2.540000  size  1.727200  1.727200  orientation 0.00
drill  1.016000
shape_offset  0.000000  0.000000
$EndPAD
$PAD "4"
Shape Oval Layer both
position  2.540000  2.540000  size  1.727200  1.727200  orientation 0.00
drill  1.016000
shape_offset  0.000000  0.000000
$EndPAD
$PAD "5"
Shape Oval Layer both
position  0.000000  5.080000  size  1.727200  1.727200  orientation 0.00
drill  1.016000
shape_offset  0.000000  0.000000
$EndPAD
$PAD "6"
Shape Oval Layer both
position  2.540000  5.080000  size  1.727200  1.727200  orientation 0.00
drill  1.016000
shape_offset  0.000000  0.000000
$EndPAD
$PAD "7"
Shape Oval Layer both
position  0.000000  7.620000  size  1.727200  1.727200  orientation 0.00
drill  1.016000
shape_offset  0.000000  0.000000
$EndPAD
$PAD "8"
Shape Oval Layer both
position  2.540000  7.620000  size  1.727200  1.727200  orientation 0.00
drill  1.016000
shape_offset  0.000000  0.000000
$EndPAD
$PAD "9"
Shape Oval Layer both
position  0.000000 10.160000  size  1.727200  1.727200  orientation 0.00
drill  1.016000
shape_offset  0.000000  0.000000
$EndPAD
$PAD "10"
Shape Oval Layer both
position  2.540000 10.160000  size  1.727200  1.727200  orientation 0.00
drill  1.016000
shape_offset  0.000000  0.000000
$EndPAD
$PAD "11"
Shape Oval Layer both
position  0.000000 12.700000  size  1.727200  1.727200  orientation 0.00
drill  1.016000
shape_offset  0.000000  0.000000
$EndPAD
$PAD "12"
Shape Oval Layer both
position  2.540000 12.700000  size  1.727200  1.727200  orientation 0.00
drill  1.016000
shape_offset  0.000000  0.000000
$EndPAD
$PAD "13"
Shape Oval Layer both
position  0.000000 15.240000  size  1.727200  1.727200  orientation 0.00
drill  1.016000
shape_offset  0.000000  0.000000
$EndPAD
$PAD "14"
Shape Oval Layer both
position  2.540000 15.240000  size  1.727200  1.727200  orientation 0.00
drill  1.016000
shape_offset  0.000000  0.000000
$EndPAD
$PAD "15"
Shape Oval Layer both
position  0.000000 17.780000  size  1.727200  1.727200  orientation 0.00
drill  1.016000
shape_offset  0.000000  0.000000
$EndPAD
$PAD "16"
Shape Oval Layer both
position  2.540000 17.780000  size  1.727200  1.727200  orientation 0.00
drill  1.016000
shape_offset  0.000000  0.000000
$EndPAD
$EndMODULE  J2

$MODULE "J3"
reference "J3"
value "Conn_01x06"
footprint "Connector_JST:JST_EH_B06B-EH-A_1x06_P2.50mm_Vertical"
attribut none
position 248.920000 139.006229  orientation 90.00
layer front
$PAD "6"
Shape Oval Layer both
position 12.500000  0.000000  size  1.700000  1.950000  orientation 0.00
drill  0.950000
shape_offset  0.000000  0.000000
$EndPAD
$PAD "5"
Shape Oval Layer both
position 10.000000  0.000000  size  1.700000  1.950000  orientation 0.00
drill  0.950000
shape_offset  0.000000  0.000000
$EndPAD
$PAD "4"
Shape Oval Layer both
position  7.500000  0.000000  size  1.700000  1.950000  orientation 0.00
drill  0.950000
shape_offset  0.000000  0.000000
$EndPAD
$PAD "3"
Shape Oval Layer both
position  5.000000  0.000000  size  1.700000  1.950000  orientation 0.00
drill  0.950000
shape_offset  0.000000  0.000000
$EndPAD
$PAD "2"
Shape Oval Layer both
position  2.500000  0.000000  size  1.700000  1.950000  orientation 0.00
drill  0.950000
shape_offset  0.000000  0.000000
$EndPAD
$PAD "1"
Shape Rect Layer both
position  0.000000  0.000000  size  1.700000  1.950000  orientation 0.00
drill  0.950000
shape_offset  0.000000  0.000000
$EndPAD
$EndMODULE  J3

$MODULE "J4"
reference "J4"
value "Conn_01x06"
footprint "Connector_JST:JST_EH_B06B-EH-A_1x06_P2.50mm_Vertical"
attribut none
position 243.000000 139.000000  orientation 90.00
layer front
$PAD "6"
Shape Oval Layer both
position 12.500000  0.000000  size  1.700000  1.950000  orientation 0.00
drill  0.950000
shape_offset  0.000000  0.000000
$EndPAD
$PAD "5"
Shape Oval Layer both
position 10.000000  0.000000  size  1.700000  1.950000  orientation 0.00
drill  0.950000
shape_offset  0.000000  0.000000
$EndPAD
$PAD "4"
Shape Oval Layer both
position  7.500000  0.000000  size  1.700000  1.950000  orientation 0.00
drill  0.950000
shape_offset  0.000000  0.000000
$EndPAD
$PAD "3"
Shape Oval Layer both
position  5.000000  0.000000  size  1.700000  1.950000  orientation 0.00
drill  0.950000
shape_offset  0.000000  0.000000
$EndPAD
$PAD "2"
Shape Oval Layer both
position  2.500000  0.000000  size  1.700000  1.950000  orientation 0.00
drill  0.950000
shape_offset  0.000000  0.000000
$EndPAD
$PAD "1"
Shape Rect Layer both
position  0.000000  0.000000  size  1.700000  1.950000  orientation 0.00
drill  0.950000
shape_offset  0.000000  0.000000
$EndPAD
$EndMODULE  J4

$MODULE "J8"
reference "J8"
value "Conn_01x16"
footprint "Connector_JST:JST_EH_B16B-EH-A_1x16_P2.50mm_Vertical"
attribut none
position 114.900000 56.550000  orientation 0.00
layer front
$PAD "1"
Shape Rect Layer both
position  0.000000  0.000000  size  1.700000  1.950000  orientation 0.00
drill  0.950000
shape_offset  0.000000  0.000000
$EndPAD
$PAD "2"
Shape Oval Layer both
position  2.500000  0.000000  size  1.700000  1.950000  orientation 0.00
drill  0.950000
shape_offset  0.000000  0.000000
$EndPAD
$PAD "3"
Shape Oval Layer both
position  5.000000  0.000000  size  1.700000  1.950000  orientation 0.00
drill  0.950000
shape_offset  0.000000  0.000000
$EndPAD
$PAD "4"
Shape Oval Layer both
position  7.500000  0.000000  size  1.700000  1.950000  orientation 0.00
drill  0.950000
shape_offset  0.000000  0.000000
$EndPAD
$PAD "5"
Shape Oval Layer both
position 10.000000  0.000000  size  1.700000  1.950000  orientation 0.00
drill  0.950000
shape_offset  0.000000  0.000000
$EndPAD
$PAD "6"
Shape Oval Layer both
position 12.500000  0.000000  size  1.700000  1.950000  orientation 0.00
drill  0.950000
shape_offset  0.000000  0.000000
$EndPAD
$PAD "7"
Shape Oval Layer both
position 15.000000  0.000000  size  1.700000  1.950000  orientation 0.00
drill  0.950000
shape_offset  0.000000  0.000000
$EndPAD
$PAD "8"
Shape Oval Layer both
position 17.500000  0.000000  size  1.700000  1.950000  orientation 0.00
drill  0.950000
shape_offset  0.000000  0.000000
$EndPAD
$PAD "9"
Shape Oval Layer both
position 20.000000  0.000000  size  1.700000  1.950000  orientation 0.00
drill  0.950000
shape_offset  0.000000  0.000000
$EndPAD
$PAD "10"
Shape Oval Layer both
position 22.500000  0.000000  size  1.700000  1.950000  orientation 0.00
drill  0.950000
shape_offset  0.000000  0.000000
$EndPAD
$PAD "11"
Shape Oval Layer both
position 25.000000  0.000000  size  1.700000  1.950000  orientation 0.00
drill  0.950000
shape_offset  0.000000  0.000000
$EndPAD
$PAD "12"
Shape Oval Layer both
position 27.500000  0.000000  size  1.700000  1.950000  orientation 0.00
drill  0.950000
shape_offset  0.000000  0.000000
$EndPAD
$PAD "13"
Shape Oval Layer both
position 30.000000  0.000000  size  1.700000  1.950000  orientation 0.00
drill  0.950000
shape_offset  0.000000  0.000000
$EndPAD
$PAD "14"
Shape Oval Layer both
position 32.500000  0.000000  size  1.700000  1.950000  orientation 0.00
drill  0.950000
shape_offset  0.000000  0.000000
$EndPAD
$PAD "15"
Shape Oval Layer both
position 35.000000  0.000000  size  1.700000  1.950000  orientation 0.00
drill  0.950000
shape_offset  0.000000  0.000000
$EndPAD
$PAD "16"
Shape Oval Layer both
position 37.500000  0.000000  size  1.700000  1.950000  orientation 0.00
drill  0.950000
shape_offset  0.000000  0.000000
$EndPAD
$EndMODULE  J8

$MODULE "J5"
reference "J5"
value "Conn_01x08"
footprint "Connector_JST:JST_EH_B08B-EH-A_1x08_P2.50mm_Vertical"
attribut none
position 168.174000 56.642000  orientation 0.00
layer front
$PAD "8"
Shape Oval Layer both
position 17.500000  0.000000  size  1.700000  1.950000  orientation 0.00
drill  0.950000
shape_offset  0.000000  0.000000
$EndPAD
$PAD "7"
Shape Oval Layer both
position 15.000000  0.000000  size  1.700000  1.950000  orientation 0.00
drill  0.950000
shape_offset  0.000000  0.000000
$EndPAD
$PAD "6"
Shape Oval Layer both
position 12.500000  0.000000  size  1.700000  1.950000  orientation 0.00
drill  0.950000
shape_offset  0.000000  0.000000
$EndPAD
$PAD "5"
Shape Oval Layer both
position 10.000000  0.000000  size  1.700000  1.950000  orientation 0.00
drill  0.950000
shape_offset  0.000000  0.000000
$EndPAD
$PAD "4"
Shape Oval Layer both
position  7.500000  0.000000  size  1.700000  1.950000  orientation 0.00
drill  0.950000
shape_offset  0.000000  0.000000
$EndPAD
$PAD "3"
Shape Oval Layer both
position  5.000000  0.000000  size  1.700000  1.950000  orientation 0.00
drill  0.950000
shape_offset  0.000000  0.000000
$EndPAD
$PAD "2"
Shape Oval Layer both
position  2.500000  0.000000  size  1.700000  1.950000  orientation 0.00
drill  0.950000
shape_offset  0.000000  0.000000
$EndPAD
$PAD "1"
Shape Rect Layer both
position  0.000000  0.000000  size  1.700000  1.950000  orientation 0.00
drill  0.950000
shape_offset  0.000000  0.000000
$EndPAD
$EndMODULE  J5

$MODULE "J6"
reference "J6"
value "Conn_01x08"
footprint "Connector_JST:JST_EH_B08B-EH-A_1x08_P2.50mm_Vertical"
attribut none
position 212.344000 57.150000  orientation 180.00
layer front
$PAD "1"
Shape Rect Layer both
position  0.000000  0.000000  size  1.700000  1.950000  orientation 0.00
drill  0.950000
shape_offset  0.000000  0.000000
$EndPAD
$PAD "2"
Shape Oval Layer both
position  2.500000  0.000000  size  1.700000  1.950000  orientation 0.00
drill  0.950000
shape_offset  0.000000  0.000000
$EndPAD
$PAD "3"
Shape Oval Layer both
position  5.000000  0.000000  size  1.700000  1.950000  orientation 0.00
drill  0.950000
shape_offset  0.000000  0.000000
$EndPAD
$PAD "4"
Shape Oval Layer both
position  7.500000  0.000000  size  1.700000  1.950000  orientation 0.00
drill  0.950000
shape_offset  0.000000  0.000000
$EndPAD
$PAD "5"
Shape Oval Layer both
position 10.000000  0.000000  size  1.700000  1.950000  orientation 0.00
drill  0.950000
shape_offset  0.000000  0.000000
$EndPAD
$PAD "6"
Shape Oval Layer both
position 12.500000  0.000000  size  1.700000  1.950000  orientation 0.00
drill  0.950000
shape_offset  0.000000  0.000000
$EndPAD
$PAD "7"
Shape Oval Layer both
position 15.000000  0.000000  size  1.700000  1.950000  orientation 0.00
drill  0.950000
shape_offset  0.000000  0.000000
$EndPAD
$PAD "8"
Shape Oval Layer both
position 17.500000  0.000000  size  1.700000  1.950000  orientation 0.00
drill  0.950000
shape_offset  0.000000  0.000000
$EndPAD
$EndMODULE  J6

$MODULE "J7"
reference "J7"
value "Conn_01x02"
footprint "Connector_JST:JST_EH_B02B-EH-A_1x02_P2.50mm_Vertical"
attribut none
position 163.830000 139.700000  orientation 180.00
layer front
$PAD "1"
Shape Rect Layer both
position  0.000000  0.000000  size  1.700000  2.000000  orientation 0.00
drill  1.000000
shape_offset  0.000000  0.000000
$EndPAD
$PAD "2"
Shape Oval Layer both
position  2.500000  0.000000  size  1.700000  2.000000  orientation 0.00
drill  1.000000
shape_offset  0.000000  0.000000
$EndPAD
$EndMODULE  J7

$MODULE "J9"
reference "J9"
value "Conn_01x04"
footprint "Connector_JST:JST_EH_B04B-EH-A_1x04_P2.50mm_Vertical"
attribut none
position 179.070000 139.700000  orientation 180.00
layer front
$PAD "1"
Shape Rect Layer both
position  0.000000  0.000000  size  1.700000  1.950000  orientation 0.00
drill  0.950000
shape_offset  0.000000  0.000000
$EndPAD
$PAD "2"
Shape Oval Layer both
position  2.500000  0.000000  size  1.700000  1.950000  orientation 0.00
drill  0.950000
shape_offset  0.000000  0.000000
$EndPAD
$PAD "3"
Shape Oval Layer both
position  5.000000  0.000000  size  1.700000  1.950000  orientation 0.00
drill  0.950000
shape_offset  0.000000  0.000000
$EndPAD
$PAD "4"
Shape Oval Layer both
position  7.500000  0.000000  size  1.700000  1.950000  orientation 0.00
drill  0.950000
shape_offset  0.000000  0.000000
$EndPAD
$EndMODULE  J9

$MODULE "J10"
reference "J10"
value "Conn_01x08"
footprint "Connector_JST:JST_EH_B08B-EH-A_1x08_P2.50mm_Vertical"
attribut none
position 153.670000 139.700000  orientation 180.00
layer front
$PAD "1"
Shape Rect Layer both
position  0.000000  0.000000  size  1.700000  1.950000  orientation 0.00
drill  0.950000
shape_offset  0.000000  0.000000
$EndPAD
$PAD "2"
Shape Oval Layer both
position  2.500000  0.000000  size  1.700000  1.950000  orientation 0.00
drill  0.950000
shape_offset  0.000000  0.000000
$EndPAD
$PAD "3"
Shape Oval Layer both
position  5.000000  0.000000  size  1.700000  1.950000  orientation 0.00
drill  0.950000
shape_offset  0.000000  0.000000
$EndPAD
$PAD "4"
Shape Oval Layer both
position  7.500000  0.000000  size  1.700000  1.950000  orientation 0.00
drill  0.950000
shape_offset  0.000000  0.000000
$EndPAD
$PAD "5"
Shape Oval Layer both
position 10.000000  0.000000  size  1.700000  1.950000  orientation 0.00
drill  0.950000
shape_offset  0.000000  0.000000
$EndPAD
$PAD "6"
Shape Oval Layer both
position 12.500000  0.000000  size  1.700000  1.950000  orientation 0.00
drill  0.950000
shape_offset  0.000000  0.000000
$EndPAD
$PAD "7"
Shape Oval Layer both
position 15.000000  0.000000  size  1.700000  1.950000  orientation 0.00
drill  0.950000
shape_offset  0.000000  0.000000
$EndPAD
$PAD "8"
Shape Oval Layer both
position 17.500000  0.000000  size  1.700000  1.950000  orientation 0.00
drill  0.950000
shape_offset  0.000000  0.000000
$EndPAD
$EndMODULE  J10

$MODULE "Q3"
reference "Q3"
value "2SC1815"
footprint "Package_TO_SOT_SMD:SOT-23"
attribut smd
position 177.250000 131.000000  orientation 90.00
layer front
$PAD "1"
Shape Rect Layer front
position -1.000000 -0.950000  size  0.900000  0.800000  orientation 0.00
drill  0.000000
shape_offset  0.000000  0.000000
$EndPAD
$PAD "2"
Shape Rect Layer front
position -1.000000  0.950000  size  0.900000  0.800000  orientation 0.00
drill  0.000000
shape_offset  0.000000  0.000000
$EndPAD
$PAD "3"
Shape Rect Layer front
position  1.000000  0.000000  size  0.900000  0.800000  orientation 0.00
drill  0.000000
shape_offset  0.000000  0.000000
$EndPAD
$EndMODULE  Q3

$MODULE "J11"
reference "J11"
value "Conn_01x02"
footprint "LEEVAWNS:SolderWirePad_1x02_P5.08mm_Drill1.5mm"
attribut virtual
position 96.730000 135.890000  orientation 270.00
layer front
$PAD "2"
Shape Circle Layer both
position  2.540000  0.000000  size  3.500120  3.500120  orientation 0.00
drill  1.501140
shape_offset  0.000000  0.000000
$EndPAD
$PAD "1"
Shape Rect Layer both
position -2.540000  0.000000  size  3.500120  3.500120  orientation 0.00
drill  1.501140
shape_offset  0.000000  0.000000
$EndPAD
$EndMODULE  J11

$MODULE "J12"
reference "J12"
value "Conn_01x02"
footprint "LEEVAWNS:SolderWirePad_1x02_P5.08mm_Drill1.5mm"
attribut virtual
position 96.730000 123.190000  orientation 270.00
layer front
$PAD "1"
Shape Rect Layer both
position -2.540000  0.000000  size  3.500120  3.500120  orientation 0.00
drill  1.501140
shape_offset  0.000000  0.000000
$EndPAD
$PAD "2"
Shape Circle Layer both
position  2.540000  0.000000  size  3.500120  3.500120  orientation 0.00
drill  1.501140
shape_offset  0.000000  0.000000
$EndPAD
$EndMODULE  J12

$MODULE "RN1"
reference "RN1"
value "R_Network08"
footprint "Resistor_THT:R_Array_SIP9"
attribut none
position 188.214000 62.230000  orientation 180.00
layer front
$PAD "9"
Shape Oval Layer both
position 20.320000  0.000000  size  1.600000  1.600000  orientation 0.00
drill  0.800000
shape_offset  0.000000  0.000000
$EndPAD
$PAD "8"
Shape Oval Layer both
position 17.780000  0.000000  size  1.600000  1.600000  orientation 0.00
drill  0.800000
shape_offset  0.000000  0.000000
$EndPAD
$PAD "7"
Shape Oval Layer both
position 15.240000  0.000000  size  1.600000  1.600000  orientation 0.00
drill  0.800000
shape_offset  0.000000  0.000000
$EndPAD
$PAD "6"
Shape Oval Layer both
position 12.700000  0.000000  size  1.600000  1.600000  orientation 0.00
drill  0.800000
shape_offset  0.000000  0.000000
$EndPAD
$PAD "5"
Shape Oval Layer both
position 10.160000  0.000000  size  1.600000  1.600000  orientation 0.00
drill  0.800000
shape_offset  0.000000  0.000000
$EndPAD
$PAD "4"
Shape Oval Layer both
position  7.620000  0.000000  size  1.600000  1.600000  orientation 0.00
drill  0.800000
shape_offset  0.000000  0.000000
$EndPAD
$PAD "3"
Shape Oval Layer both
position  5.080000  0.000000  size  1.600000  1.600000  orientation 0.00
drill  0.800000
shape_offset  0.000000  0.000000
$EndPAD
$PAD "2"
Shape Oval Layer both
position  2.540000  0.000000  size  1.600000  1.600000  orientation 0.00
drill  0.800000
shape_offset  0.000000  0.000000
$EndPAD
$PAD "1"
Shape Rect Layer both
position  0.000000  0.000000  size  1.600000  1.600000  orientation 0.00
drill  0.800000
shape_offset  0.000000  0.000000
$EndPAD
$EndMODULE  RN1

$MODULE "RN2"
reference "RN2"
value "R_Network08"
footprint "Resistor_THT:R_Array_SIP9"
attribut none
position 192.278000 62.230000  orientation 0.00
layer front
$PAD "1"
Shape Rect Layer both
position  0.000000  0.000000  size  1.600000  1.600000  orientation 0.00
drill  0.800000
shape_offset  0.000000  0.000000
$EndPAD
$PAD "2"
Shape Oval Layer both
position  2.540000  0.000000  size  1.600000  1.600000  orientation 0.00
drill  0.800000
shape_offset  0.000000  0.000000
$EndPAD
$PAD "3"
Shape Oval Layer both
position  5.080000  0.000000  size  1.600000  1.600000  orientation 0.00
drill  0.800000
shape_offset  0.000000  0.000000
$EndPAD
$PAD "4"
Shape Oval Layer both
position  7.620000  0.000000  size  1.600000  1.600000  orientation 0.00
drill  0.800000
shape_offset  0.000000  0.000000
$EndPAD
$PAD "5"
Shape Oval Layer both
position 10.160000  0.000000  size  1.600000  1.600000  orientation 0.00
drill  0.800000
shape_offset  0.000000  0.000000
$EndPAD
$PAD "6"
Shape Oval Layer both
position 12.700000  0.000000  size  1.600000  1.600000  orientation 0.00
drill  0.800000
shape_offset  0.000000  0.000000
$EndPAD
$PAD "7"
Shape Oval Layer both
position 15.240000  0.000000  size  1.600000  1.600000  orientation 0.00
drill  0.800000
shape_offset  0.000000  0.000000
$EndPAD
$PAD "8"
Shape Oval Layer both
position 17.780000  0.000000  size  1.600000  1.600000  orientation 0.00
drill  0.800000
shape_offset  0.000000  0.000000
$EndPAD
$PAD "9"
Shape Oval Layer both
position 20.320000  0.000000  size  1.600000  1.600000  orientation 0.00
drill  0.800000
shape_offset  0.000000  0.000000
$EndPAD
$EndMODULE  RN2

$EndDESCRIPTION
